{"target": 0.9699350810423649, "params": {"colsample_bylevel": 0.06790403601964558, "colsample_bynode": 0.5835346922382547, "colsample_bytree": 0.702583942300858, "encoder_a": 4.876532283250173, "encoder_sigma": 0.15532687384280652, "eta": 0.5035491595832249, "gamma": 0.24030265877034077, "max_delta_step": 2.3060805106710824, "max_depth": 3.5963214179075784, "min_child_weight": 26.633637717204675, "perc_nulo_max": 0.7460871894736503, "reg_alpha": 0.13024444375345046, "reg_lambda": 0.7429288290535635, "scale_pos_weight": 0.6866992965280163, "subsample": 0.3128324130573742, "tnm_class": 0.37875666242737516}, "datetime": {"datetime": "2020-04-20 12:32:42", "elapsed": 0.0, "delta": 0.0}}
{"target": 0.0, "params": {"colsample_bylevel": 0.9581922677530001, "colsample_bynode": 0.8353553399566876, "colsample_bytree": 0.3481590660523012, "encoder_a": 5.6219114294842605, "encoder_sigma": 0.4712316453249724, "eta": 0.09653761233493172, "gamma": 0.006974892718845492, "max_delta_step": 20.863027989926913, "max_depth": 3.144267100870443, "min_child_weight": 4.677877584006997, "perc_nulo_max": 0.7825727397244164, "reg_alpha": 0.6852475775408041, "reg_lambda": 0.9377965516617253, "scale_pos_weight": 0.47334438704390597, "subsample": 0.8748079849288992, "tnm_class": 0.14601869414030644}, "datetime": {"datetime": "2020-04-20 12:34:04", "elapsed": 82.328734, "delta": 82.328734}}
{"target": 0.9055074627599881, "params": {"colsample_bylevel": 0.7254245293034487, "colsample_bynode": 0.4905376335080398, "colsample_bytree": 0.16945821291881638, "encoder_a": 3.4248417624203586, "encoder_sigma": 0.252697148281929, "eta": 0.7923156110023659, "gamma": 0.2843799772514454, "max_delta_step": 27.039194500109993, "max_depth": 9.127651186504878, "min_child_weight": 20.12935327868639, "perc_nulo_max": 0.392769315608697, "reg_alpha": 0.39170242055507754, "reg_lambda": 0.5952288409764279, "scale_pos_weight": 0.12243006306067601, "subsample": 0.47355813675435876, "tnm_class": 0.5473143263181481}, "datetime": {"datetime": "2020-04-20 12:46:09", "elapsed": 806.775162, "delta": 724.446428}}
{"target": 0.7530195082486761, "params": {"colsample_bylevel": 0.16168144080035463, "colsample_bynode": 0.14443932709943091, "colsample_bytree": 0.7023944409539169, "encoder_a": 3.03321048494156, "encoder_sigma": 0.6156462988257232, "eta": 0.20816880886817984, "gamma": 0.24909534880669854, "max_delta_step": 1.8056406686044224, "max_depth": 3.5303575289484073, "min_child_weight": 28.87024125350453, "perc_nulo_max": 0.7700493296138426, "reg_alpha": 0.5654291205685786, "reg_lambda": 0.4756978510807237, "scale_pos_weight": 0.4873009082891852, "subsample": 0.3588819675377126, "tnm_class": 0.7332670825906417}, "datetime": {"datetime": "2020-04-20 12:48:40", "elapsed": 957.710928, "delta": 150.935766}}
{"target": 0.9110809683236492, "params": {"colsample_bylevel": 0.07266663244169716, "colsample_bynode": 0.2963459481093526, "colsample_bytree": 0.7474969303866704, "encoder_a": 2.35759145466576, "encoder_sigma": 0.5370791578974905, "eta": 0.4604200738406345, "gamma": 0.9159786666668166, "max_delta_step": 20.260039823912287, "max_depth": 3.4208433173571455, "min_child_weight": 23.08962325249705, "perc_nulo_max": 0.5468084101983935, "reg_alpha": 0.45370698046381674, "reg_lambda": 0.4557075552292562, "scale_pos_weight": 0.7408789493335332, "subsample": 0.23064922533576057, "tnm_class": 0.7091126180698007}, "datetime": {"datetime": "2020-04-20 12:55:06", "elapsed": 1344.23874, "delta": 386.527812}}
{"target": 0.7928982356437825, "params": {"colsample_bylevel": 0.5791309983614352, "colsample_bynode": 0.08044327183086523, "colsample_bytree": 0.6378589485216078, "encoder_a": 4.39150536887356, "encoder_sigma": 0.25412965142953636, "eta": 0.08240359396434137, "gamma": 0.2604658925901061, "max_delta_step": 12.573391086964104, "max_depth": 6.6321986146013545, "min_child_weight": 17.315567917890988, "perc_nulo_max": 0.25158107902897653, "reg_alpha": 0.5131719585474629, "reg_lambda": 0.05938535839342984, "scale_pos_weight": 0.1529835325835522, "subsample": 0.30216336777554575, "tnm_class": 0.2702148054360817}, "datetime": {"datetime": "2020-04-20 13:08:20", "elapsed": 2137.967873, "delta": 793.729133}}
{"target": 0.9361358035444158, "params": {"colsample_bylevel": 0.12317041423552716, "colsample_bynode": 0.6285794262258217, "colsample_bytree": 0.471312259084031, "encoder_a": 7.747876850780622, "encoder_sigma": 0.0953555790090509, "eta": 0.4358403199778272, "gamma": 0.3085083664238504, "max_delta_step": 16.85929216512489, "max_depth": 7.947495509259987, "min_child_weight": 28.010291105814115, "perc_nulo_max": 0.473976837161056, "reg_alpha": 0.2262031545880291, "reg_lambda": 0.6689824159670813, "scale_pos_weight": 0.3795271561747888, "subsample": 0.510736374844958, "tnm_class": 0.37683911090148614}, "datetime": {"datetime": "2020-04-20 13:14:37", "elapsed": 2514.968535, "delta": 377.000662}}
{"target": 0.9558198547253719, "params": {"colsample_bylevel": 0.5873235940886793, "colsample_bynode": 0.7326997541703589, "colsample_bytree": 0.8526827294839071, "encoder_a": 7.61130604937224, "encoder_sigma": 0.11435868791775672, "eta": 0.5052367121174519, "gamma": 0.7392731710773028, "max_delta_step": 22.02608315130679, "max_depth": 9.084061001904818, "min_child_weight": 20.952885539035904, "perc_nulo_max": 0.6610967565468869, "reg_alpha": 0.8095831436351547, "reg_lambda": 0.3313242095464197, "scale_pos_weight": 0.6950413669767749, "subsample": 0.6456111132394159, "tnm_class": 0.7282007994593113}, "datetime": {"datetime": "2020-04-20 13:18:52", "elapsed": 2769.68786, "delta": 254.719325}}
{"target": 0.9692231379008878, "params": {"colsample_bylevel": 0.6529441857671905, "colsample_bynode": 0.3135521002806501, "colsample_bytree": 0.7653587853080395, "encoder_a": 1.7786535870032705, "encoder_sigma": 0.2391415153634866, "eta": 0.6823816703650949, "gamma": 0.4465819727400272, "max_delta_step": 3.5130570828092553, "max_depth": 6.9023601616973265, "min_child_weight": 23.456379984677458, "perc_nulo_max": 0.7732363226449821, "reg_alpha": 0.3864004172824811, "reg_lambda": 0.5789980341801286, "scale_pos_weight": 0.9687848462656699, "subsample": 0.9084422272971736, "tnm_class": 0.7779119611230306}, "datetime": {"datetime": "2020-04-20 13:21:29", "elapsed": 2927.411237, "delta": 157.723377}}
{"target": 0.9186075553165711, "params": {"colsample_bylevel": 0.4297185653060138, "colsample_bynode": 0.2725046565470946, "colsample_bytree": 0.5849601220829463, "encoder_a": 4.583133177525695, "encoder_sigma": 0.4580797705992349, "eta": 0.355500303095472, "gamma": 0.0679749748530223, "max_delta_step": 2.13782876363114, "max_depth": 3.8026011943427562, "min_child_weight": 3.5230696475506518, "perc_nulo_max": 0.5105641073651003, "reg_alpha": 0.2777746627649763, "reg_lambda": 0.07361387522085205, "scale_pos_weight": 0.6578711958614674, "subsample": 0.7948744727846574, "tnm_class": 0.7945568947192314}, "datetime": {"datetime": "2020-04-20 13:28:40", "elapsed": 3357.653953, "delta": 430.242716}}
{"target": 0.9193940143673178, "params": {"colsample_bylevel": 0.6025443368596537, "colsample_bynode": 0.9522032229292299, "colsample_bytree": 0.4733859515801608, "encoder_a": 1.4726475171790185, "encoder_sigma": 0.4700501493566175, "eta": 0.11348352702927908, "gamma": 0.460126507901904, "max_delta_step": 5.495832615224661, "max_depth": 3.2650067605974233, "min_child_weight": 25.97326274929796, "perc_nulo_max": 0.5992104779807377, "reg_alpha": 0.8507347546925598, "reg_lambda": 0.10583317514246804, "scale_pos_weight": 0.11056280125880288, "subsample": 0.07224957099221796, "tnm_class": 0.13998626571202955}, "datetime": {"datetime": "2020-04-20 13:33:21", "elapsed": 3638.82569, "delta": 281.171737}}
{"target": 0.902400312951816, "params": {"colsample_bylevel": 0.16345347909401053, "colsample_bynode": 0.6188723739564302, "colsample_bytree": 0.047941744761667585, "encoder_a": 4.28429781050627, "encoder_sigma": 0.3729767426763536, "eta": 0.10707813957994462, "gamma": 0.3918372361802221, "max_delta_step": 8.790453633605818, "max_depth": 3.4036672040337907, "min_child_weight": 11.955855514297067, "perc_nulo_max": 0.3730734028312972, "reg_alpha": 0.8047823793083818, "reg_lambda": 0.3441446374872804, "scale_pos_weight": 0.822734041255466, "subsample": 0.8479309963292541, "tnm_class": 0.9880860523067927}, "datetime": {"datetime": "2020-04-20 13:55:39", "elapsed": 4976.953288, "delta": 1338.127598}}
{"target": 0.9301519382508415, "params": {"colsample_bylevel": 0.2770408682640828, "colsample_bynode": 0.7505335455728975, "colsample_bytree": 0.5801670983994358, "encoder_a": 4.764011987365856, "encoder_sigma": 0.2510117009849522, "eta": 0.14369207391360192, "gamma": 0.004867514178490365, "max_delta_step": 10.57117177449141, "max_depth": 7.767043995818897, "min_child_weight": 11.20660264113216, "perc_nulo_max": 0.5171412202564935, "reg_alpha": 0.2764590906390224, "reg_lambda": 0.5306615204874212, "scale_pos_weight": 0.6653193735264094, "subsample": 0.4682239129758317, "tnm_class": 0.9473681954165175}, "datetime": {"datetime": "2020-04-20 14:04:04", "elapsed": 5481.826617, "delta": 504.873329}}
{"target": 0.872545395129985, "params": {"colsample_bylevel": 0.04574812134800324, "colsample_bynode": 0.9078440046393513, "colsample_bytree": 0.6611337600949397, "encoder_a": 2.381931733876017, "encoder_sigma": 0.66268872426971, "eta": 0.5233951628064676, "gamma": 0.8917170437947799, "max_delta_step": 1.545933106425963, "max_depth": 9.99221853578057, "min_child_weight": 27.288091231680063, "perc_nulo_max": 0.23432796503423411, "reg_alpha": 0.4271243847289362, "reg_lambda": 0.2820485715674481, "scale_pos_weight": 0.22899668414904234, "subsample": 0.14512713407261926, "tnm_class": 0.3950023885305969}, "datetime": {"datetime": "2020-04-20 14:20:20", "elapsed": 6457.743259, "delta": 975.916642}}
{"target": 0.9170205203240981, "params": {"colsample_bylevel": 0.459671968369406, "colsample_bynode": 0.008148008048645416, "colsample_bytree": 0.23038176909620647, "encoder_a": 7.7666747819894315, "encoder_sigma": 0.19725552411762992, "eta": 0.2605129040996721, "gamma": 0.27684295011579996, "max_delta_step": 3.1181703758033286, "max_depth": 8.422435412100644, "min_child_weight": 4.535624519787696, "perc_nulo_max": 0.35343256784374033, "reg_alpha": 0.9675498051378627, "reg_lambda": 0.09708619824939968, "scale_pos_weight": 0.5879913001560633, "subsample": 0.5376373410985174, "tnm_class": 0.9701680489951577}, "datetime": {"datetime": "2020-04-20 14:35:27", "elapsed": 7365.163517, "delta": 907.420258}}
{"target": 0.0, "params": {"colsample_bylevel": 0.888762572116574, "colsample_bynode": 0.859978289774062, "colsample_bytree": 0.2809031136303683, "encoder_a": 4.147842769948328, "encoder_sigma": 0.06282140291316218, "eta": 0.8877795899421047, "gamma": 0.9597779239938369, "max_delta_step": 18.6533362994106, "max_depth": 9.975512890241323, "min_child_weight": 7.066334182922733, "perc_nulo_max": 0.7904942459836699, "reg_alpha": 0.5617540178150805, "reg_lambda": 0.7494614619811062, "scale_pos_weight": 0.03966764836705076, "subsample": 0.39100076498557945, "tnm_class": 0.3632796837070126}, "datetime": {"datetime": "2020-04-20 14:36:50", "elapsed": 7447.982553, "delta": 82.819036}}
{"target": 0.9766591339734401, "params": {"colsample_bylevel": 0.17529418355077228, "colsample_bynode": 0.4033319004327986, "colsample_bytree": 0.9828586865836502, "encoder_a": 3.4883118617195725, "encoder_sigma": 0.004624660788648649, "eta": 0.7898946825603529, "gamma": 0.09524874099561048, "max_delta_step": 25.478155922508115, "max_depth": 11.282072467344332, "min_child_weight": 27.36820001826989, "perc_nulo_max": 0.7762962630924615, "reg_alpha": 0.7921542350170967, "reg_lambda": 0.9703850942310235, "scale_pos_weight": 0.9494353387120721, "subsample": 0.9488479296907765, "tnm_class": 0.09293189723694373}, "datetime": {"datetime": "2020-04-20 14:40:06", "elapsed": 7644.22379, "delta": 196.241237}}
{"target": 0.8793676947292208, "params": {"colsample_bylevel": 0.8111218875688688, "colsample_bynode": 0.04287065951241267, "colsample_bytree": 0.5109800086042774, "encoder_a": 6.332034511325181, "encoder_sigma": 0.587119591604335, "eta": 0.4220795907760673, "gamma": 0.15865371115227664, "max_delta_step": 13.39088792869145, "max_depth": 14.547021812968621, "min_child_weight": 3.5549316967708355, "perc_nulo_max": 0.1521512744929634, "reg_alpha": 0.9328543818892967, "reg_lambda": 0.08289837355956664, "scale_pos_weight": 0.786730733424061, "subsample": 0.3664517245584016, "tnm_class": 0.4044219635868027}, "datetime": {"datetime": "2020-04-20 14:59:55", "elapsed": 8832.924666, "delta": 1188.700876}}
{"target": 0.8966806502394865, "params": {"colsample_bylevel": 0.1454071344866545, "colsample_bynode": 0.6461878581968034, "colsample_bytree": 0.6738551628443473, "encoder_a": 5.1798242563367625, "encoder_sigma": 0.8376753168733319, "eta": 0.7183892737587917, "gamma": 0.7055322359441136, "max_delta_step": 10.530244253978175, "max_depth": 8.374897031880874, "min_child_weight": 21.654308637747594, "perc_nulo_max": 0.5271632519946677, "reg_alpha": 0.9232210106513916, "reg_lambda": 0.6777784321435333, "scale_pos_weight": 0.742780790535816, "subsample": 0.484236323426705, "tnm_class": 0.518348827524866}, "datetime": {"datetime": "2020-04-20 15:05:53", "elapsed": 9191.587377, "delta": 358.662711}}
{"target": 0.8778866756172958, "params": {"colsample_bylevel": 0.5860323209921523, "colsample_bynode": 0.6083703472344779, "colsample_bytree": 0.07970104126239744, "encoder_a": 5.0205900873211435, "encoder_sigma": 0.9988741133676393, "eta": 0.4785156729079558, "gamma": 0.9727059763611072, "max_delta_step": 1.3447421717158292, "max_depth": 7.701981714741157, "min_child_weight": 18.698091535635694, "perc_nulo_max": 0.26234238171970603, "reg_alpha": 0.4393017947809925, "reg_lambda": 0.8014267912978545, "scale_pos_weight": 0.6790901597322581, "subsample": 0.6648940608317379, "tnm_class": 0.028182349120951078}, "datetime": {"datetime": "2020-04-20 15:21:15", "elapsed": 10113.234178, "delta": 921.646801}}
{"target": 0.8457726546539177, "params": {"colsample_bylevel": 0.746061772096863, "colsample_bynode": 0.049542587429434695, "colsample_bytree": 0.24437669551773633, "encoder_a": 1.2779716442770273, "encoder_sigma": 0.39878214842840765, "eta": 0.7202814837988498, "gamma": 0.020065416423567607, "max_delta_step": 6.061774173615596, "max_depth": 5.212761557333057, "min_child_weight": 8.819788722248752, "perc_nulo_max": 0.24813578214060716, "reg_alpha": 0.6815044853008474, "reg_lambda": 0.3830952093870549, "scale_pos_weight": 0.10923657261054699, "subsample": 0.438342853025712, "tnm_class": 0.2255183652516458}, "datetime": {"datetime": "2020-04-20 15:37:19", "elapsed": 11077.29988, "delta": 964.065702}}
{"target": 0.9689941518467574, "params": {"colsample_bylevel": 0.7169548388934651, "colsample_bynode": 0.24235938715170502, "colsample_bytree": 0.020459588955802438, "encoder_a": 2.4101686919602594, "encoder_sigma": 0.09725354056320168, "eta": 0.1384699169585213, "gamma": 0.9749613037185686, "max_delta_step": 21.292829060072968, "max_depth": 6.881221308197306, "min_child_weight": 6.3860798575831845, "perc_nulo_max": 0.7496177932913715, "reg_alpha": 0.04154448026027768, "reg_lambda": 0.7008684289991658, "scale_pos_weight": 0.9129088639198971, "subsample": 0.5585713407470337, "tnm_class": 0.49456388276127694}, "datetime": {"datetime": "2020-04-20 15:42:39", "elapsed": 11397.269021, "delta": 319.969141}}
{"target": 0.8859491776926038, "params": {"colsample_bylevel": 0.9031237522959149, "colsample_bynode": 0.5032226980129922, "colsample_bytree": 0.9379917371098229, "encoder_a": 1.4219343346361728, "encoder_sigma": 0.6410955412988368, "eta": 0.2593614157517234, "gamma": 0.16167352243513378, "max_delta_step": 24.073878737845433, "max_depth": 6.720720803720207, "min_child_weight": 21.79107831398234, "perc_nulo_max": 0.238511648385939, "reg_alpha": 0.018883262513567423, "reg_lambda": 0.6179841507526748, "scale_pos_weight": 0.6531961305183688, "subsample": 0.6810471606625523, "tnm_class": 0.37110674374289276}, "datetime": {"datetime": "2020-04-20 16:00:59", "elapsed": 12497.175572, "delta": 1099.906551}}
{"target": 0.9357609058050194, "params": {"colsample_bylevel": 0.4128540761248264, "colsample_bynode": 0.7032985532310728, "colsample_bytree": 0.9108773590824508, "encoder_a": 5.024391278438842, "encoder_sigma": 0.6180908291000716, "eta": 0.27355127392933104, "gamma": 0.40700284778546936, "max_delta_step": 12.697157162820398, "max_depth": 13.662664179534998, "min_child_weight": 5.879007618293855, "perc_nulo_max": 0.6570985431468224, "reg_alpha": 0.4971984792487576, "reg_lambda": 0.3350974267634923, "scale_pos_weight": 0.19037124449932918, "subsample": 0.21573105410912913, "tnm_class": 0.9089272320682144}, "datetime": {"datetime": "2020-04-20 16:05:33", "elapsed": 12770.878287, "delta": 273.702715}}
{"target": 0.9061787081283992, "params": {"colsample_bylevel": 0.6881077954151127, "colsample_bynode": 0.43562815631996393, "colsample_bytree": 0.5450384889618033, "encoder_a": 7.165949720517947, "encoder_sigma": 0.8840450715574463, "eta": 0.19554835890712335, "gamma": 0.6926369231064287, "max_delta_step": 26.754868148395943, "max_depth": 10.849241577732178, "min_child_weight": 15.429525774593873, "perc_nulo_max": 0.4832814734842833, "reg_alpha": 0.7033199850832094, "reg_lambda": 0.8788419345895654, "scale_pos_weight": 0.6274384940070041, "subsample": 0.26738141489512823, "tnm_class": 0.7697622123529625}, "datetime": {"datetime": "2020-04-20 16:11:41", "elapsed": 13139.46567, "delta": 368.587383}}
{"target": 0.8789412011704231, "params": {"colsample_bylevel": 0.36916835752005744, "colsample_bynode": 0.9209121514066182, "colsample_bytree": 0.31295851814432585, "encoder_a": 0.7327445549423791, "encoder_sigma": 0.8187696384454772, "eta": 0.5291520118915196, "gamma": 0.5910361463209826, "max_delta_step": 11.986168182938954, "max_depth": 7.381252685346062, "min_child_weight": 9.854227796226493, "perc_nulo_max": 0.13309749918269442, "reg_alpha": 0.5014549469419621, "reg_lambda": 0.5348599168862201, "scale_pos_weight": 0.8759712948924205, "subsample": 0.4742200448107447, "tnm_class": 0.23412228662050538}, "datetime": {"datetime": "2020-04-20 16:27:31", "elapsed": 14088.816292, "delta": 949.350622}}
{"target": 0.831675212209648, "params": {"colsample_bylevel": 0.3437966069052413, "colsample_bynode": 0.5578852833698564, "colsample_bytree": 0.11713057744662593, "encoder_a": 6.709178931472672, "encoder_sigma": 0.034027805509649345, "eta": 0.022236862445266375, "gamma": 0.8130404455873445, "max_delta_step": 14.564354063345178, "max_depth": 8.139778025545931, "min_child_weight": 17.649356236908528, "perc_nulo_max": 0.43775712181025106, "reg_alpha": 0.5806225145589842, "reg_lambda": 0.685790052203431, "scale_pos_weight": 0.038576670035237376, "subsample": 0.5828806042977854, "tnm_class": 0.20533881169028867}, "datetime": {"datetime": "2020-04-20 16:34:08", "elapsed": 14485.858843, "delta": 397.042551}}
{"target": 0.0, "params": {"colsample_bylevel": 0.5036979249623301, "colsample_bynode": 0.2319070220066464, "colsample_bytree": 0.5039635287594966, "encoder_a": 6.036231223399969, "encoder_sigma": 0.22398295567694582, "eta": 0.9682491613359644, "gamma": 0.3498039892089951, "max_delta_step": 7.84099465866623, "max_depth": 13.2748555441047, "min_child_weight": 16.337819334999978, "perc_nulo_max": 0.7910407572752866, "reg_alpha": 0.15378044350977582, "reg_lambda": 0.48479582830925916, "scale_pos_weight": 0.7816578198153633, "subsample": 0.577773011287161, "tnm_class": 0.7798382271616136}, "datetime": {"datetime": "2020-04-20 16:35:30", "elapsed": 14568.380149, "delta": 82.521306}}
{"target": 0.9739738887166529, "params": {"colsample_bylevel": 0.8719516867052592, "colsample_bynode": 0.8627304339643038, "colsample_bytree": 0.6899096626267335, "encoder_a": 1.7633493359567685, "encoder_sigma": 0.7256677800502662, "eta": 0.0823079646971705, "gamma": 0.15792709308006417, "max_delta_step": 25.27975709401153, "max_depth": 7.034177008646101, "min_child_weight": 6.612689035153158, "perc_nulo_max": 0.7672670245980646, "reg_alpha": 0.9489178399189031, "reg_lambda": 0.9493737947545023, "scale_pos_weight": 0.7063913958995446, "subsample": 0.9907614572273893, "tnm_class": 0.09468229753401503}, "datetime": {"datetime": "2020-04-20 16:40:58", "elapsed": 14895.901454, "delta": 327.521305}}
{"target": 0.8277500987275914, "params": {"colsample_bylevel": 0.08986953778649807, "colsample_bynode": 0.6756259267901498, "colsample_bytree": 0.3631844939673283, "encoder_a": 4.700573757035708, "encoder_sigma": 0.6938524067326151, "eta": 0.7673636828770831, "gamma": 0.8471784895560098, "max_delta_step": 23.626411310258714, "max_depth": 11.984899377934507, "min_child_weight": 23.88816763337276, "perc_nulo_max": 0.7085637435443582, "reg_alpha": 0.09581704297061411, "reg_lambda": 0.37631248993249855, "scale_pos_weight": 0.023974417654752847, "subsample": 0.23962153216557772, "tnm_class": 0.9108405421096909}, "datetime": {"datetime": "2020-04-20 16:44:26", "elapsed": 15103.680009, "delta": 207.778555}}
{"target": 0.7257872394527968, "params": {"colsample_bylevel": 0.3878198083416949, "colsample_bynode": 0.12179394736531657, "colsample_bytree": 0.3405549638787084, "encoder_a": 4.3950913957404305, "encoder_sigma": 0.8101584852407359, "eta": 0.06749470116438357, "gamma": 0.9337444564995295, "max_delta_step": 8.4967405173369, "max_depth": 4.601954159199279, "min_child_weight": 10.102171191068791, "perc_nulo_max": 0.27763900255208834, "reg_alpha": 0.019093986728231038, "reg_lambda": 0.166547187458865, "scale_pos_weight": 0.30154531102231996, "subsample": 0.0010750357883673285, "tnm_class": 0.5743883864944797}, "datetime": {"datetime": "2020-04-20 16:55:23", "elapsed": 15761.002589, "delta": 657.32258}}
