{"target": 0.9163439581127809, "params": {"colsample_bylevel": 0.37371195852707423, "colsample_bynode": 0.8709013069227957, "colsample_bytree": 0.13231123050705149, "encoder_a": 4.158784794038777, "encoder_sigma": 0.76765501694197, "eta": 0.46540167541645405, "gamma": 0.254918945816868, "max_delta_step": 7.741943056521555, "max_depth": 14.70943717440569, "min_child_weight": 1.8300429421978637, "pat": 8.510926497839215, "perc_nulo_max": 0.6450095017094014, "reg_alpha": 0.6930365420155318, "reg_lambda": 0.47846001214838985, "scale_pos_weight": 0.6097965521017703, "subsample": 0.8729041591842418, "tnm_class": 0.1983853604428928}, "datetime": {"datetime": "2020-04-19 10:37:44", "elapsed": 25823.869242, "delta": 77.591134}}
{"target": 0.9076940292040211, "params": {"colsample_bylevel": 0.46605535112020885, "colsample_bynode": 0.6093951740333589, "colsample_bytree": 0.16964975029063425, "encoder_a": 6.967205891161501, "encoder_sigma": 0.1258263547600419, "eta": 0.26367267474810446, "gamma": 0.4947181458661286, "max_delta_step": 8.341532834912757, "max_depth": 8.278750861494894, "min_child_weight": 6.176669700300727, "pat": 5.5269206889349025, "perc_nulo_max": 0.4178321250938214, "reg_alpha": 0.34148938992543165, "reg_lambda": 0.8463603451045272, "scale_pos_weight": 0.5041061130165155, "subsample": 0.8786812070372507, "tnm_class": 0.16579764040435852}, "datetime": {"datetime": "2020-04-19 10:42:35", "elapsed": 26114.170844, "delta": 290.301602}}
{"target": 0.8271239265346507, "params": {"colsample_bylevel": 0.8895322818242158, "colsample_bynode": 0.7115747226584548, "colsample_bytree": 0.11198375731106201, "encoder_a": 2.3294719421758168, "encoder_sigma": 0.86238924969013, "eta": 0.5505250196057871, "gamma": 0.6799923097446354, "max_delta_step": 7.923154709860489, "max_depth": 7.259563618117427, "min_child_weight": 4.236098710970735, "pat": 14.137668409633282, "perc_nulo_max": 0.11892585853132046, "reg_alpha": 0.8492524534947093, "reg_lambda": 0.5043808389781544, "scale_pos_weight": 0.6252293732243991, "subsample": 0.2136883547757733, "tnm_class": 0.785850643412328}, "datetime": {"datetime": "2020-04-19 10:44:27", "elapsed": 26226.759288, "delta": 112.588444}}
{"target": 0.8748676876152313, "params": {"colsample_bylevel": 0.8878105031380025, "colsample_bynode": 0.8078672035433916, "colsample_bytree": 0.8101634248677592, "encoder_a": 8.71779857062033, "encoder_sigma": 0.4505311855275783, "eta": 0.40697194846066, "gamma": 0.9232562997001299, "max_delta_step": 16.483417370892305, "max_depth": 4.561449914683746, "min_child_weight": 11.079199834651337, "pat": 21.360308442374333, "perc_nulo_max": 0.32123835408609297, "reg_alpha": 0.5805911934370902, "reg_lambda": 0.7563520367354201, "scale_pos_weight": 0.21690011720668442, "subsample": 0.6404081490141263, "tnm_class": 0.969876578439827}, "datetime": {"datetime": "2020-04-19 10:46:59", "elapsed": 26378.920308, "delta": 152.16102}}
{"target": 0.8595190331270848, "params": {"colsample_bylevel": 0.8965566672285034, "colsample_bynode": 0.1756034372182411, "colsample_bytree": 0.5881348664650885, "encoder_a": 7.879113589957309, "encoder_sigma": 0.5070002485855429, "eta": 0.546602297862951, "gamma": 0.7270656000972119, "max_delta_step": 29.347498503163347, "max_depth": 3.676660966923875, "min_child_weight": 17.42171521289257, "pat": 6.371880182984106, "perc_nulo_max": 0.24195057639032969, "reg_alpha": 0.8163040448243866, "reg_lambda": 0.6229082716254766, "scale_pos_weight": 0.8246651890735582, "subsample": 0.4236265933682031, "tnm_class": 0.7473592404801903}, "datetime": {"datetime": "2020-04-19 10:48:36", "elapsed": 26475.862362, "delta": 96.942054}}
{"target": 0.9376808734958123, "params": {"colsample_bylevel": 0.370296075204516, "colsample_bynode": 0.566083996652971, "colsample_bytree": 0.9561821252752174, "encoder_a": 9.215503176913451, "encoder_sigma": 0.3453440726480639, "eta": 0.31875250157516893, "gamma": 0.9064097421155306, "max_delta_step": 3.1352006510799457, "max_depth": 6.875216210649353, "min_child_weight": 1.8346230433283708, "pat": 11.66304954292826, "perc_nulo_max": 0.5860790881767579, "reg_alpha": 0.580260733833316, "reg_lambda": 0.1758452677414949, "scale_pos_weight": 0.14428778142390858, "subsample": 0.6593108585483545, "tnm_class": 0.6659088064265472}, "datetime": {"datetime": "2020-04-19 10:50:40", "elapsed": 26599.523007, "delta": 123.660645}}
{"target": 0.8466826954140636, "params": {"colsample_bylevel": 0.7997173953612604, "colsample_bynode": 0.854656954524589, "colsample_bytree": 0.8754333749596382, "encoder_a": 1.451923796171146, "encoder_sigma": 0.9774779683261275, "eta": 0.8427774644083925, "gamma": 0.17370639744783495, "max_delta_step": 26.484139036247726, "max_depth": 4.25611363045039, "min_child_weight": 16.949932897651987, "pat": 15.252228761511375, "perc_nulo_max": 0.1987360522890817, "reg_alpha": 0.45593982113677145, "reg_lambda": 0.09778633574314344, "scale_pos_weight": 0.6238157927104917, "subsample": 0.7867276475120591, "tnm_class": 0.9867600290179583}, "datetime": {"datetime": "2020-04-19 10:52:17", "elapsed": 26696.877739, "delta": 97.354732}}
{"target": 0.892046111053651, "params": {"colsample_bylevel": 0.7438652861082284, "colsample_bynode": 0.6843459484416202, "colsample_bytree": 0.4348852703207278, "encoder_a": 0.19399864705097908, "encoder_sigma": 0.790768631061687, "eta": 0.6631376387065563, "gamma": 0.21393653195087153, "max_delta_step": 7.122077927170731, "max_depth": 13.896080696177359, "min_child_weight": 17.07032252304266, "pat": 9.256525907096515, "perc_nulo_max": 0.48057591171944625, "reg_alpha": 0.1823754084843643, "reg_lambda": 0.05491840567704809, "scale_pos_weight": 0.33274933684445523, "subsample": 0.2310214088379008, "tnm_class": 0.12173384843011625}, "datetime": {"datetime": "2020-04-19 10:53:24", "elapsed": 26764.06452, "delta": 67.186781}}
{"target": 0.9365323442095201, "params": {"colsample_bylevel": 0.10232066707043723, "colsample_bynode": 0.3118094565266704, "colsample_bytree": 0.28959022596590595, "encoder_a": 4.003150818880424, "encoder_sigma": 0.2393249570114654, "eta": 0.9481496015708887, "gamma": 0.2557515793142234, "max_delta_step": 24.029061348562013, "max_depth": 11.493596633672277, "min_child_weight": 29.917418599411008, "pat": 20.979724052068356, "perc_nulo_max": 0.6587428403963784, "reg_alpha": 0.23939281689638214, "reg_lambda": 0.21994549543058828, "scale_pos_weight": 0.9723124221534035, "subsample": 0.4063540135567062, "tnm_class": 0.9345386916457264}, "datetime": {"datetime": "2020-04-19 10:54:29", "elapsed": 26828.306688, "delta": 64.242168}}
{"target": 0.9253529076221723, "params": {"colsample_bylevel": 0.6946422132592129, "colsample_bynode": 0.9949355227596863, "colsample_bytree": 0.6191904473577354, "encoder_a": 2.0048458346448306, "encoder_sigma": 0.38283881359368377, "eta": 0.02877568391385989, "gamma": 0.8149100569809834, "max_delta_step": 9.136062228110035, "max_depth": 14.542988042285288, "min_child_weight": 9.088329643954186, "pat": 20.729870351939013, "perc_nulo_max": 0.2558681855144434, "reg_alpha": 0.6750188113366921, "reg_lambda": 0.7058388087606452, "scale_pos_weight": 0.6587223000781359, "subsample": 0.7686748226237068, "tnm_class": 0.7035876430069324}, "datetime": {"datetime": "2020-04-19 11:48:41", "elapsed": 30080.98175, "delta": 3252.675062}}
{"target": 0.8743261008098987, "params": {"colsample_bylevel": 0.14495905535180376, "colsample_bynode": 0.5456144972141372, "colsample_bytree": 0.9501443568512917, "encoder_a": 6.962684928204934, "encoder_sigma": 0.3118902027252922, "eta": 0.6346566926190167, "gamma": 0.31305870801649777, "max_delta_step": 12.896301307762656, "max_depth": 12.786204364813965, "min_child_weight": 5.798891450810428, "pat": 4.439481847751056, "perc_nulo_max": 0.2561402079265803, "reg_alpha": 0.7193599969786836, "reg_lambda": 0.15549813855191918, "scale_pos_weight": 0.5929030550998933, "subsample": 0.543097639493488, "tnm_class": 0.641052513010196}, "datetime": {"datetime": "2020-04-19 11:50:18", "elapsed": 30177.467438, "delta": 96.485688}}
{"target": 0.9516430092921773, "params": {"colsample_bylevel": 0.17911564784806439, "colsample_bynode": 0.9382621225997584, "colsample_bytree": 0.8311300856590039, "encoder_a": 1.058906070277235, "encoder_sigma": 0.11110747950342803, "eta": 0.1802527868197244, "gamma": 0.11031612038147875, "max_delta_step": 19.448219623630177, "max_depth": 11.730214789310915, "min_child_weight": 23.86050856464835, "pat": 9.593246942328863, "perc_nulo_max": 0.5816803254821372, "reg_alpha": 0.03499197233753637, "reg_lambda": 0.22478545041184217, "scale_pos_weight": 0.34375633309951187, "subsample": 0.7727893579776233, "tnm_class": 0.5160402093289782}, "datetime": {"datetime": "2020-04-19 11:52:15", "elapsed": 30295.069056, "delta": 117.601618}}
{"target": 0.812117689660177, "params": {"colsample_bylevel": 0.9245503349348129, "colsample_bynode": 0.09398069840855236, "colsample_bytree": 0.1597148292637506, "encoder_a": 4.599584924378073, "encoder_sigma": 0.6488444510589741, "eta": 0.7494094308557091, "gamma": 0.886639170781166, "max_delta_step": 21.589729368493074, "max_depth": 14.44957455235575, "min_child_weight": 21.357161866800357, "pat": 21.743022527449376, "perc_nulo_max": 0.29096573335096576, "reg_alpha": 0.169918184514964, "reg_lambda": 0.2763249679348089, "scale_pos_weight": 0.17590476468911434, "subsample": 0.6289613873351003, "tnm_class": 0.13238522292877286}, "datetime": {"datetime": "2020-04-19 11:56:25", "elapsed": 30544.348208, "delta": 249.279152}}
{"target": 0.8542785496164284, "params": {"colsample_bylevel": 0.2315401381190877, "colsample_bynode": 0.5674466985621962, "colsample_bytree": 0.9731276169572188, "encoder_a": 3.7060652635354314, "encoder_sigma": 0.8728321382856882, "eta": 0.1981823941870397, "gamma": 0.14096508666442495, "max_delta_step": 8.284837406736017, "max_depth": 11.473491406093661, "min_child_weight": 17.81958954217724, "pat": 3.2182961663039213, "perc_nulo_max": 0.2542730121354556, "reg_alpha": 0.2299128942171459, "reg_lambda": 0.5636353581946775, "scale_pos_weight": 0.5828342054555009, "subsample": 0.2559508507569377, "tnm_class": 0.17186408057631142}, "datetime": {"datetime": "2020-04-19 11:58:15", "elapsed": 30654.980893, "delta": 110.632685}}
{"target": 0.904762232162471, "params": {"colsample_bylevel": 0.7042566585300821, "colsample_bynode": 0.6381928524356616, "colsample_bytree": 0.2902416299947628, "encoder_a": 9.961652812606031, "encoder_sigma": 0.6720550787061106, "eta": 0.2679120971565161, "gamma": 0.17231426897092345, "max_delta_step": 2.5779331810625097, "max_depth": 13.348311449026502, "min_child_weight": 1.188472508734553, "pat": 11.904243307092818, "perc_nulo_max": 0.33132025740327864, "reg_alpha": 0.5675461051145135, "reg_lambda": 0.13010119701643608, "scale_pos_weight": 0.4881699524531827, "subsample": 0.3408873659667586, "tnm_class": 0.9684560695501908}, "datetime": {"datetime": "2020-04-19 12:11:55", "elapsed": 31475.085477, "delta": 820.104584}}
{"target": 0.8505748799354048, "params": {"colsample_bylevel": 0.36935740800936967, "colsample_bynode": 0.5974851693977481, "colsample_bytree": 0.6468271819162349, "encoder_a": 9.59396533949922, "encoder_sigma": 0.95649385432718, "eta": 0.5731635924963955, "gamma": 0.22912155953423538, "max_delta_step": 7.7601338846376375, "max_depth": 10.423528665871554, "min_child_weight": 6.9264841685158, "pat": 22.06423145477847, "perc_nulo_max": 0.3441056171308863, "reg_alpha": 0.3089996432341201, "reg_lambda": 0.46576273338918805, "scale_pos_weight": 0.9204638340578521, "subsample": 0.5062611696934429, "tnm_class": 0.004273265209603694}, "datetime": {"datetime": "2020-04-19 12:13:40", "elapsed": 31579.917581, "delta": 104.832104}}
{"target": 0.8560510320979929, "params": {"colsample_bylevel": 0.8004170602186056, "colsample_bynode": 0.7426892858469212, "colsample_bytree": 0.7683322503869234, "encoder_a": 7.839810461904422, "encoder_sigma": 0.6469109364701625, "eta": 0.7382692914663126, "gamma": 0.849620817009014, "max_delta_step": 29.92298203418089, "max_depth": 3.051628373711123, "min_child_weight": 20.9000766798167, "pat": 13.96652867416771, "perc_nulo_max": 0.3497091666335558, "reg_alpha": 0.1829594894655724, "reg_lambda": 0.8130027718723999, "scale_pos_weight": 0.3012965560155308, "subsample": 0.4174344800643135, "tnm_class": 0.5755258835556732}, "datetime": {"datetime": "2020-04-19 12:15:13", "elapsed": 31672.85909, "delta": 92.941509}}
{"target": 0.9215523665004175, "params": {"colsample_bylevel": 0.6960178925739331, "colsample_bynode": 0.6122266797758767, "colsample_bytree": 0.011679276238600309, "encoder_a": 7.070655523373026, "encoder_sigma": 0.7011358704418287, "eta": 0.5962872753145243, "gamma": 0.4014971004705817, "max_delta_step": 27.76900387009877, "max_depth": 7.480223567486629, "min_child_weight": 19.338359024895542, "pat": 16.123454201087103, "perc_nulo_max": 0.5698799755386973, "reg_alpha": 0.9173930045215354, "reg_lambda": 0.3765830711750092, "scale_pos_weight": 0.36071648049558447, "subsample": 0.8712346065851382, "tnm_class": 0.578307438360082}, "datetime": {"datetime": "2020-04-19 12:16:12", "elapsed": 31731.174268, "delta": 58.315178}}
{"target": 0.8259099769194768, "params": {"colsample_bylevel": 0.18441011454008366, "colsample_bynode": 0.7859117127773261, "colsample_bytree": 0.8882451625248402, "encoder_a": 3.365335292420884, "encoder_sigma": 0.8604405498730525, "eta": 0.10989187063369091, "gamma": 0.32799981986577564, "max_delta_step": 23.12754866077811, "max_depth": 4.973998000848944, "min_child_weight": 19.80873371703988, "pat": 4.522781680244365, "perc_nulo_max": 0.3369461954594246, "reg_alpha": 0.04814927705763583, "reg_lambda": 0.2596094868906942, "scale_pos_weight": 0.29586631137550057, "subsample": 0.38843801095669833, "tnm_class": 0.2242609691154699}, "datetime": {"datetime": "2020-04-19 12:17:40", "elapsed": 31819.597899, "delta": 88.423631}}
{"target": 0.88890994292743, "params": {"colsample_bylevel": 0.43968666519956484, "colsample_bynode": 0.00878814186630459, "colsample_bytree": 0.25723486592153, "encoder_a": 9.569625383364619, "encoder_sigma": 0.9031116302513416, "eta": 0.6142761447822038, "gamma": 0.6276632805147758, "max_delta_step": 27.11486539687392, "max_depth": 14.665454042081125, "min_child_weight": 22.935508721654948, "pat": 21.833635362813396, "perc_nulo_max": 0.19849611327389327, "reg_alpha": 0.9443339999146273, "reg_lambda": 0.22119220473203494, "scale_pos_weight": 0.4587236313875688, "subsample": 0.8388702542143007, "tnm_class": 0.6306720843669783}, "datetime": {"datetime": "2020-04-19 12:25:58", "elapsed": 32318.017236, "delta": 498.419337}}
