{"target": 0.9418533632482511, "params": {"colsample_bylevel": 0.6700058165269824, "colsample_bynode": 0.6901715300487917, "colsample_bytree": 0.6382567059825619, "encoder_a": 0.1010373508712315, "encoder_sigma": 0.4827739569655286, "eta": 0.5773531123049974, "gamma": 0.9710875305894201, "max_delta_step": 19.269977631723997, "max_depth": 7.177595441925017, "min_child_weight": 8.37586692329889, "perc_nulo_max": 0.6566637790527936, "reg_alpha": 0.3692783217618072, "reg_lambda": 0.46995851838253, "scale_pos_weight": 0.5600815442412345, "subsample": 0.7670704051622326, "tnm_class": 0.6689974584924938}, "datetime": {"datetime": "2020-04-20 17:00:01", "elapsed": 16039.120097, "delta": 278.117508}}
{"target": 0.9131625607162132, "params": {"colsample_bylevel": 0.5768812583616598, "colsample_bynode": 0.647631923749817, "colsample_bytree": 0.0635046991146285, "encoder_a": 7.532717041232609, "encoder_sigma": 0.30218325536201607, "eta": 0.7937884586178241, "gamma": 0.780878986505066, "max_delta_step": 4.991123080153772, "max_depth": 11.59975936018288, "min_child_weight": 19.5399529062039, "perc_nulo_max": 0.5817309090359475, "reg_alpha": 0.3192103468478532, "reg_lambda": 0.7802805129757039, "scale_pos_weight": 0.3545723932929855, "subsample": 0.8770352481408523, "tnm_class": 0.6994416972630839}, "datetime": {"datetime": "2020-04-20 17:07:21", "elapsed": 16478.988626, "delta": 439.868529}}
{"target": 0.8756633144736874, "params": {"colsample_bylevel": 0.16885602706966787, "colsample_bynode": 0.7712146264993011, "colsample_bytree": 0.8696257214776113, "encoder_a": 3.690282951902898, "encoder_sigma": 0.3748857677900296, "eta": 0.6413793475513646, "gamma": 0.8781690128295595, "max_delta_step": 5.989134638247224, "max_depth": 11.782216896028201, "min_child_weight": 10.442015008605884, "perc_nulo_max": 0.4089504612385566, "reg_alpha": 0.639996892987399, "reg_lambda": 0.6093026321572805, "scale_pos_weight": 0.6582053820801088, "subsample": 0.17584405118113447, "tnm_class": 0.07246080804285981}, "datetime": {"datetime": "2020-04-20 17:16:48", "elapsed": 17046.251516, "delta": 567.26289}}
{"target": 0.8820229676275133, "params": {"colsample_bylevel": 0.030872155640038392, "colsample_bynode": 0.470234816031001, "colsample_bytree": 0.0032159619319583523, "encoder_a": 6.911101402016595, "encoder_sigma": 0.1087900671799591, "eta": 0.9028368694990629, "gamma": 0.7652851424753079, "max_delta_step": 22.723734489080407, "max_depth": 10.667523235904179, "min_child_weight": 28.316961747548888, "perc_nulo_max": 0.3807982992618931, "reg_alpha": 0.12064777152321493, "reg_lambda": 0.5150063436566958, "scale_pos_weight": 0.3039462533451725, "subsample": 0.966719431618934, "tnm_class": 0.11480117866106077}, "datetime": {"datetime": "2020-04-20 17:29:05", "elapsed": 17782.647388, "delta": 736.395872}}
{"target": 0.958230187673086, "params": {"colsample_bylevel": 0.8993996443520833, "colsample_bynode": 0.518594482573706, "colsample_bytree": 0.8626715793570016, "encoder_a": 3.0901139518862606, "encoder_sigma": 0.2290522360728865, "eta": 0.2819353831168563, "gamma": 0.48692780692769905, "max_delta_step": 18.774802114659895, "max_depth": 9.191513087977935, "min_child_weight": 11.745045646712565, "perc_nulo_max": 0.6822146974687178, "reg_alpha": 0.37752127908597466, "reg_lambda": 0.3960081841918901, "scale_pos_weight": 0.6505931644710434, "subsample": 0.9362505303923643, "tnm_class": 0.37480208802645243}, "datetime": {"datetime": "2020-04-20 17:41:29", "elapsed": 18527.239591, "delta": 744.592203}}
{"target": 0.5, "params": {"colsample_bylevel": 0.3646676390023688, "colsample_bynode": 0.3411840680560771, "colsample_bytree": 0.16849410501327391, "encoder_a": 7.928806314672906, "encoder_sigma": 0.7516233413620633, "eta": 0.6542838929491468, "gamma": 0.210756180503792, "max_delta_step": 6.967213049037344, "max_depth": 9.604453682819038, "min_child_weight": 3.924323780278762, "perc_nulo_max": 0.43997269749562395, "reg_alpha": 0.6057636691066712, "reg_lambda": 0.107365311296451, "scale_pos_weight": 0.012780338337930599, "subsample": 0.25089715978999877, "tnm_class": 0.486506005990857}, "datetime": {"datetime": "2020-04-20 17:48:05", "elapsed": 18922.888335, "delta": 395.648744}}
{"target": 0.9366580382705504, "params": {"colsample_bylevel": 0.2829889846045903, "colsample_bynode": 0.7756555494134492, "colsample_bytree": 0.3925575155174948, "encoder_a": 1.9638544052926132, "encoder_sigma": 0.7169025071335519, "eta": 0.29695454702755075, "gamma": 0.813613857296506, "max_delta_step": 17.471422562073457, "max_depth": 6.897058755894183, "min_child_weight": 19.23509645016707, "perc_nulo_max": 0.6677386917178475, "reg_alpha": 0.16234329275573522, "reg_lambda": 0.7229986790831715, "scale_pos_weight": 0.8500391720513255, "subsample": 0.30705911601025904, "tnm_class": 0.6208798268587281}, "datetime": {"datetime": "2020-04-20 17:52:46", "elapsed": 19204.244243, "delta": 281.355908}}
{"target": 0.902057287545747, "params": {"colsample_bylevel": 0.7399866239423786, "colsample_bynode": 0.8023451167585934, "colsample_bytree": 0.20366654757523028, "encoder_a": 1.3223109372202797, "encoder_sigma": 0.1512444979150378, "eta": 0.7387919319473962, "gamma": 0.041804223322247314, "max_delta_step": 13.592746757381923, "max_depth": 14.020505405428604, "min_child_weight": 29.762097434543787, "perc_nulo_max": 0.25982039190571365, "reg_alpha": 0.3830078436182084, "reg_lambda": 0.3170526051909677, "scale_pos_weight": 0.11336051092033697, "subsample": 0.9495953169181316, "tnm_class": 0.17050443481396815}, "datetime": {"datetime": "2020-04-20 20:39:44", "elapsed": 29222.321532, "delta": 10018.077289}}
{"target": 0.8137318214651419, "params": {"colsample_bylevel": 0.9136312284722701, "colsample_bynode": 0.9800346131692719, "colsample_bytree": 0.0927120808827039, "encoder_a": 1.5749557795252314, "encoder_sigma": 0.059972640941180044, "eta": 0.6295538891231501, "gamma": 0.5176988720422697, "max_delta_step": 21.625122570226225, "max_depth": 10.421363561728633, "min_child_weight": 10.632482047215333, "perc_nulo_max": 0.2881755544558073, "reg_alpha": 0.8039003886434752, "reg_lambda": 0.6579827919435038, "scale_pos_weight": 0.0984412890315524, "subsample": 0.4872400856116263, "tnm_class": 0.4779014056130567}, "datetime": {"datetime": "2020-04-20 20:54:13", "elapsed": 30091.364607, "delta": 869.043075}}
{"target": 0.926709619616731, "params": {"colsample_bylevel": 0.0032013713984830115, "colsample_bynode": 0.865935036242798, "colsample_bytree": 0.8465971238109142, "encoder_a": 2.284956774235454, "encoder_sigma": 0.12392688174135813, "eta": 0.015628882643025536, "gamma": 0.05817324195381112, "max_delta_step": 25.271129238485912, "max_depth": 9.537606178246477, "min_child_weight": 13.383862269030674, "perc_nulo_max": 0.3935593890667838, "reg_alpha": 0.23858302377671836, "reg_lambda": 0.22053435980710512, "scale_pos_weight": 0.6763364997786223, "subsample": 0.6654107695416428, "tnm_class": 0.6344635310623106}, "datetime": {"datetime": "2020-04-21 01:27:02", "elapsed": 46460.344745, "delta": 16368.980138}}
{"target": 0.5733779232545891, "params": {"colsample_bylevel": 0.7078368879853958, "colsample_bynode": 0.7528874400302142, "colsample_bytree": 0.052549723228090574, "encoder_a": 3.111174848849559, "encoder_sigma": 0.5862628951562606, "eta": 0.3825953360471442, "gamma": 0.44054903945035984, "max_delta_step": 9.139012601706947, "max_depth": 6.370847486528854, "min_child_weight": 12.258272420674379, "perc_nulo_max": 0.33982491237633816, "reg_alpha": 0.5320633016193449, "reg_lambda": 0.8655512055989273, "scale_pos_weight": 0.20713046751596217, "subsample": 0.9366701062360335, "tnm_class": 0.8788772696362028}, "datetime": {"datetime": "2020-04-21 01:38:40", "elapsed": 47158.42995, "delta": 698.085205}}
{"target": 0.9542389156843092, "params": {"colsample_bylevel": 0.28878902351496366, "colsample_bynode": 0.8533312186978653, "colsample_bytree": 0.7109708005694229, "encoder_a": 0.29944989789965193, "encoder_sigma": 0.14040219993668912, "eta": 0.076884766139112, "gamma": 0.7021200177887449, "max_delta_step": 11.874243184137082, "max_depth": 3.3962152222108815, "min_child_weight": 18.830711301581694, "perc_nulo_max": 0.6667662663724567, "reg_alpha": 0.5725528727224328, "reg_lambda": 0.4255090898471272, "scale_pos_weight": 0.2611216831888485, "subsample": 0.2201250214592652, "tnm_class": 0.04077324763667778}, "datetime": {"datetime": "2020-04-21 01:43:45", "elapsed": 47463.297968, "delta": 304.868018}}
{"target": 0.9026711182040608, "params": {"colsample_bylevel": 0.5364176258028122, "colsample_bynode": 0.06366305539352869, "colsample_bytree": 0.5280100127091052, "encoder_a": 3.543317644419235, "encoder_sigma": 0.5865892074748434, "eta": 0.6627115767170864, "gamma": 0.4478785805072319, "max_delta_step": 20.063115749684126, "max_depth": 6.460544230561995, "min_child_weight": 15.14780525127361, "perc_nulo_max": 0.446587411347395, "reg_alpha": 0.9010409801679912, "reg_lambda": 0.48615488624645065, "scale_pos_weight": 0.6731465841785588, "subsample": 0.32202456251907174, "tnm_class": 0.6772644799072796}, "datetime": {"datetime": "2020-04-21 01:51:56", "elapsed": 47954.106147, "delta": 490.808179}}
{"target": 0.9258377776565719, "params": {"colsample_bylevel": 0.1037305550068367, "colsample_bynode": 0.07519079964950923, "colsample_bytree": 0.6472686788020104, "encoder_a": 4.238581393421494, "encoder_sigma": 0.23959509081709018, "eta": 0.2828377235423981, "gamma": 0.5969059923861707, "max_delta_step": 13.053153085643945, "max_depth": 9.43706998193375, "min_child_weight": 7.180658437272545, "perc_nulo_max": 0.43304819248639304, "reg_alpha": 0.6329505585047869, "reg_lambda": 0.7869926370381131, "scale_pos_weight": 0.754896012559866, "subsample": 0.3070937044597985, "tnm_class": 0.8453911384430679}, "datetime": {"datetime": "2020-04-21 02:00:39", "elapsed": 48477.410287, "delta": 523.30414}}
{"target": 0.9117162338212601, "params": {"colsample_bylevel": 0.3080674022279964, "colsample_bynode": 0.22360488972061957, "colsample_bytree": 0.0071532933055063076, "encoder_a": 7.528309770480658, "encoder_sigma": 0.8399549327607232, "eta": 0.904065758454982, "gamma": 0.5481094652580446, "max_delta_step": 7.285853381998364, "max_depth": 11.531667681023016, "min_child_weight": 2.9835813368545403, "perc_nulo_max": 0.6453387951701588, "reg_alpha": 0.5732387194829586, "reg_lambda": 0.8568982290519206, "scale_pos_weight": 0.09507082913343307, "subsample": 0.07175520410926707, "tnm_class": 0.5498180835978744}, "datetime": {"datetime": "2020-04-21 02:05:08", "elapsed": 48746.310111, "delta": 268.899824}}
{"target": 0.9096449836543252, "params": {"colsample_bylevel": 0.7461170766981038, "colsample_bynode": 0.5757356844072341, "colsample_bytree": 0.9523460595226155, "encoder_a": 7.922865227854154, "encoder_sigma": 0.2887973470198555, "eta": 0.18805838148039097, "gamma": 0.15244156237408932, "max_delta_step": 27.708904453551863, "max_depth": 5.740302908656316, "min_child_weight": 14.546917912095727, "perc_nulo_max": 0.30232503231451796, "reg_alpha": 0.017446805956206624, "reg_lambda": 0.5371920291968796, "scale_pos_weight": 0.4495344016061888, "subsample": 0.12227439787256354, "tnm_class": 0.2893017959840646}, "datetime": {"datetime": "2020-04-21 02:20:19", "elapsed": 49657.395764, "delta": 911.085653}}
{"target": 0.8928467096313625, "params": {"colsample_bylevel": 0.8244765018252155, "colsample_bynode": 0.574641885979243, "colsample_bytree": 0.1539363938811455, "encoder_a": 7.007152619366716, "encoder_sigma": 0.11029834609827571, "eta": 0.7725481574128061, "gamma": 0.10309267885257702, "max_delta_step": 17.98136977287246, "max_depth": 8.182039670801595, "min_child_weight": 6.9313757753681635, "perc_nulo_max": 0.41835435335561066, "reg_alpha": 0.025091329013773422, "reg_lambda": 0.9105077256435196, "scale_pos_weight": 0.1746150156123322, "subsample": 0.10459334796629254, "tnm_class": 0.2655456763173021}, "datetime": {"datetime": "2020-04-21 02:31:05", "elapsed": 50303.49445, "delta": 646.098686}}
{"target": 0.9052206223100494, "params": {"colsample_bylevel": 0.4922202309452462, "colsample_bynode": 0.6520225386642367, "colsample_bytree": 0.21332183057417792, "encoder_a": 3.8613527271142707, "encoder_sigma": 0.2062403423425646, "eta": 0.06679349139122295, "gamma": 0.9280978215564338, "max_delta_step": 22.51731996721408, "max_depth": 9.308689226322958, "min_child_weight": 2.7709030773954657, "perc_nulo_max": 0.4154800574568809, "reg_alpha": 0.9108883650581715, "reg_lambda": 0.9597764651817788, "scale_pos_weight": 0.8378667575321705, "subsample": 0.7724708895525658, "tnm_class": 0.9603143467000407}, "datetime": {"datetime": "2020-04-21 03:07:10", "elapsed": 52468.45793, "delta": 2164.96348}}
{"target": 0.9380194281755407, "params": {"colsample_bylevel": 0.24422736848023516, "colsample_bynode": 0.8416605924076613, "colsample_bytree": 0.1174887702115908, "encoder_a": 5.200291735224358, "encoder_sigma": 0.3839906666807559, "eta": 0.5402826721247999, "gamma": 0.0018148020449236127, "max_delta_step": 11.273861091709247, "max_depth": 3.250319657853394, "min_child_weight": 12.739447736232592, "perc_nulo_max": 0.5979399556975712, "reg_alpha": 0.26544500101807644, "reg_lambda": 0.4710895789147662, "scale_pos_weight": 0.562373877123485, "subsample": 0.640862731556052, "tnm_class": 0.31276119927216295}, "datetime": {"datetime": "2020-04-21 03:12:46", "elapsed": 52804.283558, "delta": 335.825628}}
{"target": 0.9340341769456998, "params": {"colsample_bylevel": 0.001, "colsample_bynode": 0.001, "colsample_bytree": 1.0, "encoder_a": 2.4703768713043446, "encoder_sigma": 0.0, "eta": 0.001, "gamma": 0.475223454856052, "max_delta_step": 3.1986894225466727, "max_depth": 15.0, "min_child_weight": 2.639154501928625, "perc_nulo_max": 0.547052312206159, "reg_alpha": 0.37784839913093293, "reg_lambda": 1.0, "scale_pos_weight": 1.0, "subsample": 0.001, "tnm_class": 1.0}, "datetime": {"datetime": "2020-04-21 05:06:31", "elapsed": 59629.081616, "delta": 6824.798058}}
{"target": 0.8712244637191819, "params": {"colsample_bylevel": 0.001, "colsample_bynode": 0.001, "colsample_bytree": 0.001, "encoder_a": 0.1, "encoder_sigma": 0.0, "eta": 0.001, "gamma": 0.5758633610701068, "max_delta_step": 27.243354537846283, "max_depth": 10.051705164473619, "min_child_weight": 1.0, "perc_nulo_max": 0.1, "reg_alpha": 0.0, "reg_lambda": 1.0, "scale_pos_weight": 1.0, "subsample": 0.001, "tnm_class": 1.0}, "datetime": {"datetime": "2020-04-21 22:41:04", "elapsed": 122902.349292, "delta": 63273.267676}}
{"target": 0.9262533107329276, "params": {"colsample_bylevel": 0.001, "colsample_bynode": 1.0, "colsample_bytree": 0.001, "encoder_a": 8.0, "encoder_sigma": 0.0, "eta": 0.001, "gamma": 1.0, "max_delta_step": 4.338427220102064, "max_depth": 8.727011850242912, "min_child_weight": 24.18021037508164, "perc_nulo_max": 0.46312316409146226, "reg_alpha": 1.0, "reg_lambda": 1.0, "scale_pos_weight": 1.0, "subsample": 1.0, "tnm_class": 1.0}, "datetime": {"datetime": "2020-04-22 17:49:11", "elapsed": 191788.670086, "delta": 68886.320794}}
