{"target": 0.9104265587858548, "params": {"colsample_bylevel": 0.42868208644552613, "colsample_bynode": 0.2515134844231452, "colsample_bytree": 0.8394424449978461, "encoder_a": 1.5922055755106033, "encoder_sigma": 0.43777100750933573, "eta": 0.4321540014233939, "gamma": 0.6363547605306803, "max_delta_step": 20.802139652811977, "max_depth": 4.619624179311815, "min_child_weight": 23.376979642611207, "pat": 5.422993864884549, "perc_nulo_max": 0.47321837112968246, "reg_alpha": 0.5112722000236848, "reg_lambda": 0.624299910435584, "scale_pos_weight": 0.9959498968156573, "subsample": 0.850835520853443, "tnm_class": 0.24712078494440537}, "datetime": {"datetime": "2020-04-19 03:27:20", "elapsed": 0.0, "delta": 0.0}}
{"target": 0.5, "params": {"colsample_bylevel": 0.8894031068625516, "colsample_bynode": 0.44843538350483847, "colsample_bytree": 0.23434543219546677, "encoder_a": 9.705856263442401, "encoder_sigma": 0.4342428198791817, "eta": 0.5841415738724601, "gamma": 0.6530834563147758, "max_delta_step": 29.32647076163157, "max_depth": 12.763377034171496, "min_child_weight": 21.36761066745699, "pat": 6.660438269893777, "perc_nulo_max": 0.2021525526586233, "reg_alpha": 0.3997927312018795, "reg_lambda": 0.8654699391821871, "scale_pos_weight": 0.030237447990611406, "subsample": 0.1621444551065438, "tnm_class": 0.6601749762764746}, "datetime": {"datetime": "2020-04-19 03:28:57", "elapsed": 96.463711, "delta": 96.463711}}
{"target": 0.8853859522206186, "params": {"colsample_bylevel": 0.36176889736278356, "colsample_bynode": 0.7519187653214229, "colsample_bytree": 0.864997091223408, "encoder_a": 9.096822806680132, "encoder_sigma": 0.16403494297356602, "eta": 0.5576918122471546, "gamma": 0.9830767725539473, "max_delta_step": 16.8574605692281, "max_depth": 6.249066068905314, "min_child_weight": 6.559079491669066, "pat": 12.644269391854893, "perc_nulo_max": 0.21364823129906282, "reg_alpha": 0.7271499147325102, "reg_lambda": 0.4946280934851709, "scale_pos_weight": 0.2899420397620456, "subsample": 0.07581636072236343, "tnm_class": 0.6011674714278131}, "datetime": {"datetime": "2020-04-19 03:30:36", "elapsed": 195.565706, "delta": 99.101995}}
{"target": 0.9517466341980787, "params": {"colsample_bylevel": 0.780082900456126, "colsample_bynode": 0.10888183504199452, "colsample_bytree": 0.86855500484961, "encoder_a": 7.938412619066836, "encoder_sigma": 0.05226174088230562, "eta": 0.031876453380255874, "gamma": 0.2267404177690311, "max_delta_step": 25.917277598688727, "max_depth": 11.948263394615195, "min_child_weight": 16.764422320132795, "pat": 13.643293146523147, "perc_nulo_max": 0.13892936729113614, "reg_alpha": 0.4437499390605808, "reg_lambda": 0.32774982762073523, "scale_pos_weight": 0.9232850262989601, "subsample": 0.28010849133928567, "tnm_class": 0.38889079709987695}, "datetime": {"datetime": "2020-04-19 09:17:16", "elapsed": 20995.215751, "delta": 20799.650045}}
{"target": 0.5094053214631448, "params": {"colsample_bylevel": 0.8922676728291191, "colsample_bynode": 0.7219977351099851, "colsample_bytree": 0.028927891821074296, "encoder_a": 1.1240793403264864, "encoder_sigma": 0.6924217996430888, "eta": 0.36801011489684143, "gamma": 0.060044445927965345, "max_delta_step": 7.9174034366890105, "max_depth": 6.327811505621055, "min_child_weight": 9.820111143194223, "pat": 3.498679487737579, "perc_nulo_max": 0.2734460346790006, "reg_alpha": 0.6456665437040154, "reg_lambda": 0.24829022546215163, "scale_pos_weight": 0.11818601546671055, "subsample": 0.9500129240203635, "tnm_class": 0.6687179466475912}, "datetime": {"datetime": "2020-04-19 09:18:42", "elapsed": 21081.884624, "delta": 86.668873}}
{"target": 0.9084864120612993, "params": {"colsample_bylevel": 0.8520775904186264, "colsample_bynode": 0.16940200160650265, "colsample_bytree": 0.5079561649320451, "encoder_a": 0.2309389929721339, "encoder_sigma": 0.10305572306071265, "eta": 0.2899884565426462, "gamma": 0.362363740632043, "max_delta_step": 12.484849977194981, "max_depth": 5.901686004811941, "min_child_weight": 13.101826901882326, "pat": 16.169595619292846, "perc_nulo_max": 0.2429667093635887, "reg_alpha": 0.029014131040989377, "reg_lambda": 0.11469345502257422, "scale_pos_weight": 0.44442423123888913, "subsample": 0.637088947128926, "tnm_class": 0.3928458859999484}, "datetime": {"datetime": "2020-04-19 09:21:00", "elapsed": 21219.714484, "delta": 137.82986}}
{"target": 0.8513367216017429, "params": {"colsample_bylevel": 0.8377966290877991, "colsample_bynode": 0.745646498414396, "colsample_bytree": 0.4553061625939057, "encoder_a": 8.996907883138107, "encoder_sigma": 0.8250365198544284, "eta": 0.7322546172756721, "gamma": 0.21301608502060085, "max_delta_step": 8.91344429391782, "max_depth": 11.751943999805206, "min_child_weight": 28.763521300602296, "pat": 7.013353953203632, "perc_nulo_max": 0.154363563590046, "reg_alpha": 0.26174672908645147, "reg_lambda": 0.5721302282389568, "scale_pos_weight": 0.5402616511374733, "subsample": 0.6727741425765532, "tnm_class": 0.8011284181931335}, "datetime": {"datetime": "2020-04-19 09:22:54", "elapsed": 21333.533767, "delta": 113.819283}}
{"target": 0.8006296243314516, "params": {"colsample_bylevel": 0.21131598102216112, "colsample_bynode": 0.705335506303556, "colsample_bytree": 0.17937063900608063, "encoder_a": 3.267010013092341, "encoder_sigma": 0.5810814078704093, "eta": 0.0065052874263080655, "gamma": 0.3604180180995136, "max_delta_step": 23.214303759493088, "max_depth": 3.841496977696494, "min_child_weight": 11.070359511341408, "pat": 16.234481986919533, "perc_nulo_max": 0.11220302829551335, "reg_alpha": 0.6694092162172107, "reg_lambda": 0.6186865454180036, "scale_pos_weight": 0.37806612422652386, "subsample": 0.6708631190175774, "tnm_class": 0.3024362805175783}, "datetime": {"datetime": "2020-04-19 09:24:45", "elapsed": 21444.266562, "delta": 110.732795}}
{"target": 0.8488690603797651, "params": {"colsample_bylevel": 0.7260827902204967, "colsample_bynode": 0.6667249372172753, "colsample_bytree": 0.5765816539872497, "encoder_a": 6.654708122468028, "encoder_sigma": 0.9706679870348347, "eta": 0.9460633290997832, "gamma": 0.5348350979641279, "max_delta_step": 10.99243841030422, "max_depth": 3.29025919572402, "min_child_weight": 10.083652457424426, "pat": 17.212383821293212, "perc_nulo_max": 0.36186902240786945, "reg_alpha": 0.9087315551431285, "reg_lambda": 0.0009391151014620513, "scale_pos_weight": 0.5954725075711057, "subsample": 0.624988446714145, "tnm_class": 0.9321197893505462}, "datetime": {"datetime": "2020-04-19 09:26:15", "elapsed": 21534.759373, "delta": 90.492811}}
{"target": 0.9009359079503028, "params": {"colsample_bylevel": 0.41267101789836214, "colsample_bynode": 0.8592599577244183, "colsample_bytree": 0.8206666923427042, "encoder_a": 3.743318309878783, "encoder_sigma": 0.7346893034025925, "eta": 0.7632505752990529, "gamma": 0.7981198694487881, "max_delta_step": 18.945229941625488, "max_depth": 14.989865543255474, "min_child_weight": 15.080089319484962, "pat": 22.99581999897914, "perc_nulo_max": 0.31341361046116284, "reg_alpha": 0.8210155923249158, "reg_lambda": 0.45511192072738815, "scale_pos_weight": 0.9126354343505896, "subsample": 0.9013741542641976, "tnm_class": 0.17437909035638355}, "datetime": {"datetime": "2020-04-19 09:30:21", "elapsed": 21780.596843, "delta": 245.83747}}
{"target": 0.9050608447685267, "params": {"colsample_bylevel": 0.6083857257223715, "colsample_bynode": 0.6173503788512097, "colsample_bytree": 0.9016171434960839, "encoder_a": 0.4229500145667341, "encoder_sigma": 0.07592972391215924, "eta": 0.6981661307855567, "gamma": 0.8058624038046193, "max_delta_step": 4.680048832065192, "max_depth": 11.846134497735907, "min_child_weight": 6.240277096571567, "pat": 3.0997733501798432, "perc_nulo_max": 0.1374032425176959, "reg_alpha": 0.20999836880457712, "reg_lambda": 0.5468897765194163, "scale_pos_weight": 0.7502032703249792, "subsample": 0.671536420242013, "tnm_class": 0.026282723093587368}, "datetime": {"datetime": "2020-04-19 09:32:10", "elapsed": 21889.206718, "delta": 108.609875}}
{"target": 0.7959480789976713, "params": {"colsample_bylevel": 0.36204393653775796, "colsample_bynode": 0.47778963356467274, "colsample_bytree": 0.17438531434954221, "encoder_a": 5.253220567297282, "encoder_sigma": 0.8023436087727964, "eta": 0.9143032747820227, "gamma": 0.2836901034832363, "max_delta_step": 17.915462576182644, "max_depth": 10.935077235657213, "min_child_weight": 5.3218511564928415, "pat": 16.354716914736354, "perc_nulo_max": 0.3546511930180588, "reg_alpha": 0.8907039410550257, "reg_lambda": 0.7365129022492355, "scale_pos_weight": 0.5120520810961001, "subsample": 0.07577887068625407, "tnm_class": 0.2761536026662281}, "datetime": {"datetime": "2020-04-19 09:33:41", "elapsed": 21980.486123, "delta": 91.279405}}
{"target": 0.8533832280006044, "params": {"colsample_bylevel": 0.41422798980392855, "colsample_bynode": 0.6763138338985117, "colsample_bytree": 0.5511816661325313, "encoder_a": 4.51020226698222, "encoder_sigma": 0.6410014086320224, "eta": 0.6621171763997921, "gamma": 0.7073235390139913, "max_delta_step": 22.32540909909342, "max_depth": 5.512275674124947, "min_child_weight": 15.95180376449804, "pat": 13.654519799980902, "perc_nulo_max": 0.39386830470894063, "reg_alpha": 0.25795758726246276, "reg_lambda": 0.41023824245866436, "scale_pos_weight": 0.9515295278962921, "subsample": 0.5001458587573437, "tnm_class": 0.49588595416395753}, "datetime": {"datetime": "2020-04-19 09:35:16", "elapsed": 22076.084694, "delta": 95.598571}}
{"target": 0.8492607506321146, "params": {"colsample_bylevel": 0.0453834974305216, "colsample_bynode": 0.8058813365294774, "colsample_bytree": 0.8693644764513474, "encoder_a": 7.037484246970473, "encoder_sigma": 0.5697085893070902, "eta": 0.45041875895545586, "gamma": 0.3217063656091615, "max_delta_step": 27.43749695862104, "max_depth": 13.362388299689702, "min_child_weight": 10.011010677650024, "pat": 4.113853183508089, "perc_nulo_max": 0.45047617592722833, "reg_alpha": 0.089287496005381, "reg_lambda": 0.4130484306237395, "scale_pos_weight": 0.7210152053181705, "subsample": 0.01487536421280208, "tnm_class": 0.47673744393355166}, "datetime": {"datetime": "2020-04-19 09:36:22", "elapsed": 22141.7693, "delta": 65.684606}}
{"target": 0.8881745661812948, "params": {"colsample_bylevel": 0.9244966142914249, "colsample_bynode": 0.08804204866107014, "colsample_bytree": 0.12311749803246964, "encoder_a": 4.550535824820187, "encoder_sigma": 0.40259675831357544, "eta": 0.7661880504551293, "gamma": 0.2420435359310073, "max_delta_step": 16.640427562920614, "max_depth": 6.68348385654784, "min_child_weight": 9.151033320250415, "pat": 3.5931660763049527, "perc_nulo_max": 0.545729537136367, "reg_alpha": 0.18721705547679968, "reg_lambda": 0.646847231617787, "scale_pos_weight": 0.9088166203329918, "subsample": 0.07020433469223754, "tnm_class": 0.3650825605093958}, "datetime": {"datetime": "2020-04-19 09:37:30", "elapsed": 22209.986847, "delta": 68.217547}}
{"target": 0.8634476776730897, "params": {"colsample_bylevel": 0.3036011715898994, "colsample_bynode": 0.4919433737794862, "colsample_bytree": 0.7498377991835559, "encoder_a": 2.540195253242649, "encoder_sigma": 0.6485939321979327, "eta": 0.5373603040415048, "gamma": 0.9064982768860336, "max_delta_step": 16.75510533749289, "max_depth": 6.876022813567143, "min_child_weight": 29.34908467877329, "pat": 22.055165644523772, "perc_nulo_max": 0.33355831608622244, "reg_alpha": 0.3372431747354149, "reg_lambda": 0.7422446564140892, "scale_pos_weight": 0.7537547129207558, "subsample": 0.8196771686646194, "tnm_class": 0.3496860329891738}, "datetime": {"datetime": "2020-04-19 09:39:47", "elapsed": 22346.693328, "delta": 136.706481}}
{"target": 0.9666768904179674, "params": {"colsample_bylevel": 0.5141969840238587, "colsample_bynode": 0.8130561031309125, "colsample_bytree": 0.9315491736371885, "encoder_a": 1.4591118889128671, "encoder_sigma": 0.451847822685449, "eta": 0.2027734901616438, "gamma": 0.8415143371747639, "max_delta_step": 8.040514206575143, "max_depth": 8.073528407257953, "min_child_weight": 26.34479747453757, "pat": 13.642421823296063, "perc_nulo_max": 0.6945485092019258, "reg_alpha": 0.10067157402544591, "reg_lambda": 0.5274879412791421, "scale_pos_weight": 0.9017343726573668, "subsample": 0.05585799718521998, "tnm_class": 0.6881892052717811}, "datetime": {"datetime": "2020-04-19 09:40:36", "elapsed": 22395.11936, "delta": 48.426032}}
{"target": 0.912347273886182, "params": {"colsample_bylevel": 0.884343180200862, "colsample_bynode": 0.016001176483610557, "colsample_bytree": 0.8008786792903554, "encoder_a": 7.7387045843524085, "encoder_sigma": 0.9415825706030504, "eta": 0.9470408421604707, "gamma": 0.028064432087508986, "max_delta_step": 17.838295510324873, "max_depth": 11.53361381554132, "min_child_weight": 1.173583780726581, "pat": 14.207081632007645, "perc_nulo_max": 0.5618938464912757, "reg_alpha": 0.9109033571160511, "reg_lambda": 0.6297116371848458, "scale_pos_weight": 0.8914965336193255, "subsample": 0.6822318092849888, "tnm_class": 0.2540716202491584}, "datetime": {"datetime": "2020-04-19 09:41:45", "elapsed": 22464.491474, "delta": 69.372114}}
{"target": 0.9238228857700355, "params": {"colsample_bylevel": 0.22311027886835735, "colsample_bynode": 0.45820629955684794, "colsample_bytree": 0.4709415905341644, "encoder_a": 9.024565905985027, "encoder_sigma": 0.2930483627530074, "eta": 0.24467016596370628, "gamma": 0.22156088176806435, "max_delta_step": 13.648238778537674, "max_depth": 13.640521105557323, "min_child_weight": 9.042062489879655, "pat": 21.01956268847747, "perc_nulo_max": 0.2499323597637219, "reg_alpha": 0.971402428216303, "reg_lambda": 0.7638373155763595, "scale_pos_weight": 0.9541092922825063, "subsample": 0.951726273620778, "tnm_class": 0.27645203868606005}, "datetime": {"datetime": "2020-04-19 09:58:49", "elapsed": 23488.93889, "delta": 1024.447416}}
{"target": 0.8987735912427489, "params": {"colsample_bylevel": 0.2535941200549635, "colsample_bynode": 0.5958716709967046, "colsample_bytree": 0.6309489115862572, "encoder_a": 1.9276846546036652, "encoder_sigma": 0.14608373097438587, "eta": 0.25045281064937513, "gamma": 0.38346171179749544, "max_delta_step": 18.900507101007754, "max_depth": 6.1973332923783175, "min_child_weight": 8.293665647771915, "pat": 12.864049009391694, "perc_nulo_max": 0.15885053741509486, "reg_alpha": 0.4607911047320705, "reg_lambda": 0.8161210334411152, "scale_pos_weight": 0.4764410608387811, "subsample": 0.40331009462535283, "tnm_class": 0.17358068658330306}, "datetime": {"datetime": "2020-04-19 10:01:43", "elapsed": 23662.173634, "delta": 173.234744}}
{"target": 0.9001255650476171, "params": {"colsample_bylevel": 0.34417546979552854, "colsample_bynode": 0.2945656799337649, "colsample_bytree": 0.6116326582930014, "encoder_a": 6.666352175274049, "encoder_sigma": 0.1270343489006066, "eta": 0.539210109628433, "gamma": 0.7304470882679921, "max_delta_step": 5.252141530800893, "max_depth": 8.1999135253227, "min_child_weight": 29.563460299796887, "pat": 5.525932195353693, "perc_nulo_max": 0.3655825244258776, "reg_alpha": 0.6838477001490342, "reg_lambda": 0.3738087469392002, "scale_pos_weight": 0.5671968599595757, "subsample": 0.7047226390013509, "tnm_class": 0.26210566565770854}, "datetime": {"datetime": "2020-04-19 10:03:23", "elapsed": 23762.99106, "delta": 100.817426}}
{"target": 0.0, "params": {"colsample_bylevel": 0.7951214581738898, "colsample_bynode": 0.5403579375763995, "colsample_bytree": 0.5907399851983798, "encoder_a": 3.337023026113787, "encoder_sigma": 0.8542998828264592, "eta": 0.984576576043407, "gamma": 0.52350864720611, "max_delta_step": 14.994530934688964, "max_depth": 3.3797864272064504, "min_child_weight": 24.12348583326834, "pat": 18.164704733511414, "perc_nulo_max": 0.6953328860528432, "reg_alpha": 0.7142090611317345, "reg_lambda": 0.5840533174570279, "scale_pos_weight": 0.12480318550618638, "subsample": 0.5871823509660204, "tnm_class": 0.2581480149078901}, "datetime": {"datetime": "2020-04-19 10:03:33", "elapsed": 23772.456398, "delta": 9.465338}}
{"target": 0.9105926419502944, "params": {"colsample_bylevel": 0.3470680358156637, "colsample_bynode": 0.39704352385205, "colsample_bytree": 0.24043166555627105, "encoder_a": 3.858855539664618, "encoder_sigma": 0.00514121149543012, "eta": 0.2747648427126962, "gamma": 0.2342168101980138, "max_delta_step": 5.653512982735894, "max_depth": 9.088310109918815, "min_child_weight": 17.504403840109525, "pat": 15.79132300846547, "perc_nulo_max": 0.11018395984758018, "reg_alpha": 0.6088949505833905, "reg_lambda": 0.718147218542706, "scale_pos_weight": 0.7796199121513243, "subsample": 0.17732862360030133, "tnm_class": 0.6736630029723958}, "datetime": {"datetime": "2020-04-19 10:06:13", "elapsed": 23932.690423, "delta": 160.234025}}
{"target": 0.6862898290482409, "params": {"colsample_bylevel": 0.7838142331753362, "colsample_bynode": 0.07610342907050467, "colsample_bytree": 0.4144298033838116, "encoder_a": 6.886172303472262, "encoder_sigma": 0.3090609511969947, "eta": 0.8405119519455365, "gamma": 0.502707498992079, "max_delta_step": 7.224939067430274, "max_depth": 4.934375370576042, "min_child_weight": 17.424916048023825, "pat": 3.331458732646418, "perc_nulo_max": 0.24802506225758866, "reg_alpha": 0.6325711839969068, "reg_lambda": 0.21844996297320063, "scale_pos_weight": 0.0903525682148473, "subsample": 0.9699613686022648, "tnm_class": 0.830929054638712}, "datetime": {"datetime": "2020-04-19 10:07:41", "elapsed": 24020.282231, "delta": 87.591808}}
{"target": 0.8984482537983677, "params": {"colsample_bylevel": 0.838043504970605, "colsample_bynode": 0.5267877597388526, "colsample_bytree": 0.34551963959322984, "encoder_a": 6.615116485585244, "encoder_sigma": 0.8805528068042275, "eta": 0.631988916297302, "gamma": 0.45541184851367067, "max_delta_step": 7.750542374795718, "max_depth": 12.50515350673469, "min_child_weight": 17.12023839962122, "pat": 7.402424306411296, "perc_nulo_max": 0.18869548747501114, "reg_alpha": 0.705747325636768, "reg_lambda": 0.7100950925709475, "scale_pos_weight": 0.9404183016487359, "subsample": 0.8721838425380835, "tnm_class": 0.9674752448480883}, "datetime": {"datetime": "2020-04-19 10:15:00", "elapsed": 24459.371537, "delta": 439.089306}}
{"target": 0.8932498179455969, "params": {"colsample_bylevel": 0.8049864394219582, "colsample_bynode": 0.8678974270765214, "colsample_bytree": 0.3537681096617189, "encoder_a": 8.817586347295414, "encoder_sigma": 0.26810987602895187, "eta": 0.6558706626216823, "gamma": 0.168871013382896, "max_delta_step": 26.196012515818378, "max_depth": 10.09588148802427, "min_child_weight": 24.75076079189215, "pat": 12.312273223941222, "perc_nulo_max": 0.35442332474924343, "reg_alpha": 0.377526330323265, "reg_lambda": 0.7186296657291191, "scale_pos_weight": 0.969307102446958, "subsample": 0.8195094696911736, "tnm_class": 0.03270915979476596}, "datetime": {"datetime": "2020-04-19 10:18:01", "elapsed": 24640.223538, "delta": 180.852001}}
{"target": 0.960353843089387, "params": {"colsample_bylevel": 0.635159301103549, "colsample_bynode": 0.6988160454082296, "colsample_bytree": 0.8152721060655092, "encoder_a": 7.609428138326486, "encoder_sigma": 0.012501211200216522, "eta": 0.129505836007969, "gamma": 0.7342991235534272, "max_delta_step": 6.327684078427537, "max_depth": 10.494232505495248, "min_child_weight": 27.780918770250146, "pat": 23.1743981119431, "perc_nulo_max": 0.6438505575201388, "reg_alpha": 0.71481421080593, "reg_lambda": 0.4445470693073106, "scale_pos_weight": 0.6109166178610841, "subsample": 0.428863670603182, "tnm_class": 0.5423919397264412}, "datetime": {"datetime": "2020-04-19 10:19:14", "elapsed": 24713.524933, "delta": 73.301395}}
{"target": 0.899952787466689, "params": {"colsample_bylevel": 0.6098953233254382, "colsample_bynode": 0.28791749594871474, "colsample_bytree": 0.21414780930236105, "encoder_a": 0.5384553611231879, "encoder_sigma": 0.7655395524862022, "eta": 0.05312668777677334, "gamma": 0.5689751045688549, "max_delta_step": 16.65141913669693, "max_depth": 5.980396266054033, "min_child_weight": 12.334276341612245, "pat": 12.442847701305169, "perc_nulo_max": 0.4805441881657825, "reg_alpha": 0.24361296967966017, "reg_lambda": 0.8910723077989054, "scale_pos_weight": 0.7430273861296564, "subsample": 0.4547452857020242, "tnm_class": 0.29313625619267236}, "datetime": {"datetime": "2020-04-19 10:21:59", "elapsed": 24878.938051, "delta": 165.413118}}
{"target": 0.8517635271341198, "params": {"colsample_bylevel": 0.13761776226403724, "colsample_bynode": 0.49587359010461685, "colsample_bytree": 0.27387627275476434, "encoder_a": 2.818554010976691, "encoder_sigma": 0.6125153828920223, "eta": 0.7131329750055634, "gamma": 0.634422985898286, "max_delta_step": 9.755338298861076, "max_depth": 5.6572226754495, "min_child_weight": 23.69304073806134, "pat": 18.603687651866952, "perc_nulo_max": 0.2675240967611061, "reg_alpha": 0.8719894472259248, "reg_lambda": 0.13094679968996759, "scale_pos_weight": 0.8741252049871523, "subsample": 0.5381652532597477, "tnm_class": 0.2225358860488862}, "datetime": {"datetime": "2020-04-19 10:23:40", "elapsed": 24979.814197, "delta": 100.876146}}
{"target": 0.893225580912891, "params": {"colsample_bylevel": 0.5877769350130524, "colsample_bynode": 0.27424318464151204, "colsample_bytree": 0.8103801596233075, "encoder_a": 9.624647079996677, "encoder_sigma": 0.5847275935483973, "eta": 0.9728130306180282, "gamma": 0.0799283369103445, "max_delta_step": 0.23951521412821086, "max_depth": 10.755119333699835, "min_child_weight": 16.53055403903658, "pat": 22.70917368384096, "perc_nulo_max": 0.2976204062997818, "reg_alpha": 0.9123716354328428, "reg_lambda": 0.12630916810466153, "scale_pos_weight": 0.18910913682035005, "subsample": 0.6566393318508371, "tnm_class": 0.07328415405267619}, "datetime": {"datetime": "2020-04-19 10:36:27", "elapsed": 25746.278108, "delta": 766.463911}}
