{"target": 0.0, "params": {"colsample_bylevel": 0.6671817458043933, "colsample_bynode": 0.36704635893139936, "colsample_bytree": 0.17512883583811029, "encoder_a": 7.535875936571237, "encoder_sigma": 0.06413928789128609, "eta": 0.8399656968137633, "gamma": 0.8945189087239354, "max_delta_step": 14.59849924939549, "max_depth": 10.866297867528395, "min_child_weight": 24.66050431044878, "perc_nulo_max": 0.7766170634426602, "reg_alpha": 0.38212886023365533, "reg_lambda": 0.8279700720828379, "scale_pos_weight": 0.8670368062302076, "subsample": 0.9819839923384365, "tnm_class": 0.5804742810887508}, "datetime": {"datetime": "2020-04-22 13:06:19", "elapsed": 216812.405657, "delta": 14.005111}}
{"target": 0.8928813762917951, "params": {"colsample_bylevel": 0.001, "colsample_bynode": 1.0, "colsample_bytree": 0.8240240654108009, "encoder_a": 8.0, "encoder_sigma": 1.0, "eta": 1.0, "gamma": 0.001, "max_delta_step": 0.0, "max_depth": 15.0, "min_child_weight": 26.009930793436666, "perc_nulo_max": 0.1, "reg_alpha": 1.0, "reg_lambda": 0.0, "scale_pos_weight": 1.0, "subsample": 1.0, "tnm_class": 0.7182446618290808}, "datetime": {"datetime": "2020-04-22 13:36:49", "elapsed": 218642.921494, "delta": 1830.515837}}
{"target": 0.9302994216904713, "params": {"colsample_bylevel": 0.24301805143910496, "colsample_bynode": 0.20416926401236093, "colsample_bytree": 0.998522357049006, "encoder_a": 0.5650932579174902, "encoder_sigma": 0.019474349459451257, "eta": 0.7538244829959944, "gamma": 0.9328786212745878, "max_delta_step": 3.811574101122661, "max_depth": 8.782805574309208, "min_child_weight": 26.203102146948453, "perc_nulo_max": 0.4536747599566616, "reg_alpha": 0.08716018800877279, "reg_lambda": 0.22456657020495197, "scale_pos_weight": 0.9718334871139104, "subsample": 0.1841784703139332, "tnm_class": 0.027946715394671084}, "datetime": {"datetime": "2020-04-22 13:38:34", "elapsed": 218747.965443, "delta": 105.043949}}
{"target": 0.8309589019431194, "params": {"colsample_bylevel": 0.001, "colsample_bynode": 0.001, "colsample_bytree": 1.0, "encoder_a": 6.3512162005703034, "encoder_sigma": 0.0, "eta": 1.0, "gamma": 1.0, "max_delta_step": 22.383766268849485, "max_depth": 9.055222731147484, "min_child_weight": 22.11697836910938, "perc_nulo_max": 0.1, "reg_alpha": 0.0, "reg_lambda": 0.13912973040554888, "scale_pos_weight": 1.0, "subsample": 0.001, "tnm_class": 1.0}, "datetime": {"datetime": "2020-04-22 13:41:14", "elapsed": 218907.639344, "delta": 159.673901}}
{"target": 0.8904224069359821, "params": {"colsample_bylevel": 0.9596532341825025, "colsample_bynode": 0.16648423583931576, "colsample_bytree": 0.10018901677119235, "encoder_a": 7.391042011126649, "encoder_sigma": 0.5282460545330496, "eta": 0.7262449246170225, "gamma": 0.9941356594900294, "max_delta_step": 26.556412606907084, "max_depth": 10.893203426983828, "min_child_weight": 18.929427032748176, "perc_nulo_max": 0.4442901224259439, "reg_alpha": 0.24954563137670915, "reg_lambda": 0.7489533435008243, "scale_pos_weight": 0.44136918462463026, "subsample": 0.4147633053560803, "tnm_class": 0.23411783098336203}, "datetime": {"datetime": "2020-04-22 13:43:04", "elapsed": 219017.591996, "delta": 109.952652}}
{"target": 0.9000261922462627, "params": {"colsample_bylevel": 1.0, "colsample_bynode": 0.001, "colsample_bytree": 0.001, "encoder_a": 1.299417121411293, "encoder_sigma": 0.0, "eta": 1.0, "gamma": 0.001, "max_delta_step": 23.433212211621353, "max_depth": 8.676986805747095, "min_child_weight": 28.97918080739864, "perc_nulo_max": 0.1, "reg_alpha": 0.0, "reg_lambda": 0.0, "scale_pos_weight": 1.0, "subsample": 1.0, "tnm_class": 0.0}, "datetime": {"datetime": "2020-04-22 13:52:40", "elapsed": 219593.797641, "delta": 576.205645}}
{"target": 0.8489574499496875, "params": {"colsample_bylevel": 0.30478155282613417, "colsample_bynode": 0.6837056913307681, "colsample_bytree": 0.37791707465150254, "encoder_a": 1.6464914066846985, "encoder_sigma": 0.8449905803577202, "eta": 0.6155547805975423, "gamma": 0.5448327123516226, "max_delta_step": 6.2268860500542775, "max_depth": 12.188240274248143, "min_child_weight": 17.942031608033503, "perc_nulo_max": 0.27580006130498314, "reg_alpha": 0.6452391239293137, "reg_lambda": 0.6218456655715178, "scale_pos_weight": 0.39607920744626, "subsample": 0.4425709551894042, "tnm_class": 0.7634892094660282}, "datetime": {"datetime": "2020-04-22 13:55:15", "elapsed": 219748.720442, "delta": 154.922801}}
{"target": 0.9629573579316878, "params": {"colsample_bylevel": 0.24325555174877259, "colsample_bynode": 0.27096758871960064, "colsample_bytree": 0.23784570792762225, "encoder_a": 2.310798007950729, "encoder_sigma": 0.7580807908191854, "eta": 0.5269540266721882, "gamma": 0.8438426235894829, "max_delta_step": 15.876581296572311, "max_depth": 7.732854902816959, "min_child_weight": 24.222430036956567, "perc_nulo_max": 0.675970505661556, "reg_alpha": 0.8759286899045583, "reg_lambda": 0.47087486473828055, "scale_pos_weight": 0.9270310191959741, "subsample": 0.435224884743735, "tnm_class": 0.9655494084876627}, "datetime": {"datetime": "2020-04-22 13:56:40", "elapsed": 219833.148754, "delta": 84.428312}}
{"target": 0.6968813473041923, "params": {"colsample_bylevel": 1.0, "colsample_bynode": 0.001, "colsample_bytree": 1.0, "encoder_a": 0.9740976736936953, "encoder_sigma": 1.0, "eta": 1.0, "gamma": 1.0, "max_delta_step": 12.677755989564282, "max_depth": 10.344026435453209, "min_child_weight": 25.1661977540284, "perc_nulo_max": 0.1, "reg_alpha": 1.0, "reg_lambda": 0.0, "scale_pos_weight": 1.0, "subsample": 0.001, "tnm_class": 1.0}, "datetime": {"datetime": "2020-04-22 13:59:26", "elapsed": 219999.934635, "delta": 166.785881}}
{"target": 0.6898612553109778, "params": {"colsample_bylevel": 0.001, "colsample_bynode": 1.0, "colsample_bytree": 0.001, "encoder_a": 3.3339958785047785, "encoder_sigma": 1.0, "eta": 1.0, "gamma": 0.001, "max_delta_step": 5.639816989106907, "max_depth": 12.135159736976279, "min_child_weight": 30.0, "perc_nulo_max": 0.1, "reg_alpha": 1.0, "reg_lambda": 1.0, "scale_pos_weight": 1.0, "subsample": 1.0, "tnm_class": 0.0}, "datetime": {"datetime": "2020-04-22 14:02:35", "elapsed": 220188.383781, "delta": 188.449146}}
{"target": 0.0, "params": {"colsample_bylevel": 0.4823800195555993, "colsample_bynode": 0.3621699208311034, "colsample_bytree": 0.8490748258500767, "encoder_a": 1.318540275662367, "encoder_sigma": 0.7458842690683491, "eta": 0.1334988850282907, "gamma": 0.5687419978470684, "max_delta_step": 19.948528622913145, "max_depth": 7.683749044848744, "min_child_weight": 23.990883990803095, "perc_nulo_max": 0.7677788418553245, "reg_alpha": 0.36062180431730684, "reg_lambda": 0.7254607252101484, "scale_pos_weight": 0.18336582862725892, "subsample": 0.8431982804945738, "tnm_class": 0.6303424052197769}, "datetime": {"datetime": "2020-04-22 14:02:49", "elapsed": 220202.266936, "delta": 13.883155}}
{"target": 0.8993722213150193, "params": {"colsample_bylevel": 0.001, "colsample_bynode": 1.0, "colsample_bytree": 0.001, "encoder_a": 4.461700283816493, "encoder_sigma": 0.0, "eta": 1.0, "gamma": 0.001, "max_delta_step": 21.8688651995861, "max_depth": 6.683524043695256, "min_child_weight": 25.97761703938702, "perc_nulo_max": 0.1, "reg_alpha": 0.0791004083086151, "reg_lambda": 0.0, "scale_pos_weight": 1.0, "subsample": 1.0, "tnm_class": 0.0}, "datetime": {"datetime": "2020-04-22 14:09:47", "elapsed": 220620.695036, "delta": 418.4281}}
{"target": 0.0, "params": {"colsample_bylevel": 0.07617853230050015, "colsample_bynode": 0.5810044130925969, "colsample_bytree": 0.5396214553437797, "encoder_a": 7.47320330490233, "encoder_sigma": 0.23503113635648987, "eta": 0.4580711184073276, "gamma": 0.3574747746314616, "max_delta_step": 8.604626960318313, "max_depth": 10.550944190235228, "min_child_weight": 13.844331184739396, "perc_nulo_max": 0.7497949254875869, "reg_alpha": 0.5432024365707137, "reg_lambda": 0.9559885931663112, "scale_pos_weight": 0.3724122443718761, "subsample": 0.3107348587407579, "tnm_class": 0.2546603538299723}, "datetime": {"datetime": "2020-04-22 14:10:03", "elapsed": 220636.90193, "delta": 16.206894}}
{"target": 0.9478321335975741, "params": {"colsample_bylevel": 0.1431419098688276, "colsample_bynode": 0.5857125406219577, "colsample_bytree": 0.579651862434467, "encoder_a": 6.050868154752589, "encoder_sigma": 0.1426202473162751, "eta": 0.6903874522530382, "gamma": 0.19532001295621843, "max_delta_step": 7.600821242897336, "max_depth": 3.0726099552268002, "min_child_weight": 9.419362311203544, "perc_nulo_max": 0.6595092589895432, "reg_alpha": 0.6898628024131032, "reg_lambda": 0.7897576297268276, "scale_pos_weight": 0.8980337270515922, "subsample": 0.5208534269267155, "tnm_class": 0.10731089956779194}, "datetime": {"datetime": "2020-04-22 14:11:56", "elapsed": 220749.290216, "delta": 112.388286}}
{"target": 0.9530461711576177, "params": {"colsample_bylevel": 0.6685309822932709, "colsample_bynode": 0.31426642923169884, "colsample_bytree": 0.17533939332712553, "encoder_a": 7.121682082245441, "encoder_sigma": 0.1350886304513612, "eta": 0.05933744029649493, "gamma": 0.8459301376246169, "max_delta_step": 1.3410611933836791, "max_depth": 8.318058186097709, "min_child_weight": 17.07729395849461, "perc_nulo_max": 0.6612712396301641, "reg_alpha": 0.2636148328234599, "reg_lambda": 0.7816747172418531, "scale_pos_weight": 0.5829733372400333, "subsample": 0.7379463585820327, "tnm_class": 0.6927524890675472}, "datetime": {"datetime": "2020-04-22 14:20:03", "elapsed": 221236.966067, "delta": 487.675851}}
{"target": 0.8337041393590123, "params": {"colsample_bylevel": 0.34952797885879006, "colsample_bynode": 0.23486080243068924, "colsample_bytree": 0.03020318217609125, "encoder_a": 5.620552939861336, "encoder_sigma": 0.5482270481681656, "eta": 0.4623571114398038, "gamma": 0.17352833728123562, "max_delta_step": 23.967743546696404, "max_depth": 5.418007901650455, "min_child_weight": 24.494901904095904, "perc_nulo_max": 0.3050511917689888, "reg_alpha": 0.4783768114684217, "reg_lambda": 0.7300849239411185, "scale_pos_weight": 0.3409867709363436, "subsample": 0.21555225620961804, "tnm_class": 0.7884458130918823}, "datetime": {"datetime": "2020-04-22 14:22:26", "elapsed": 221379.293782, "delta": 142.327715}}
{"target": 0.8403068825291535, "params": {"colsample_bylevel": 0.3077357905514742, "colsample_bynode": 0.2646378855673946, "colsample_bytree": 0.55256023206963, "encoder_a": 1.4233103539350915, "encoder_sigma": 0.9857278210961152, "eta": 0.5668593896820298, "gamma": 0.8873089093020423, "max_delta_step": 25.460411308900923, "max_depth": 3.1339888781627128, "min_child_weight": 23.534045168811204, "perc_nulo_max": 0.3464889532374011, "reg_alpha": 0.8018353917352238, "reg_lambda": 0.9924170136451258, "scale_pos_weight": 0.4370877557226416, "subsample": 0.24698783564694463, "tnm_class": 0.8580007120739703}, "datetime": {"datetime": "2020-04-22 14:25:09", "elapsed": 221542.933535, "delta": 163.639753}}
{"target": 0.9161634579973679, "params": {"colsample_bylevel": 0.23430125817227238, "colsample_bynode": 0.7234741743649051, "colsample_bytree": 0.7482809378829209, "encoder_a": 4.468604484493554, "encoder_sigma": 0.3553899237471315, "eta": 0.11087223128776043, "gamma": 0.87390238964984, "max_delta_step": 22.097514840993455, "max_depth": 4.1450204604894605, "min_child_weight": 20.00047265248371, "perc_nulo_max": 0.4787098935259658, "reg_alpha": 0.3129802939651246, "reg_lambda": 0.06765700852892831, "scale_pos_weight": 0.13162098763868976, "subsample": 0.12053199696435699, "tnm_class": 0.373575993809635}, "datetime": {"datetime": "2020-04-22 14:27:07", "elapsed": 221660.619519, "delta": 117.685984}}
{"target": 0.708342892917657, "params": {"colsample_bylevel": 0.001, "colsample_bynode": 1.0, "colsample_bytree": 0.001, "encoder_a": 8.0, "encoder_sigma": 1.0, "eta": 1.0, "gamma": 0.001, "max_delta_step": 1.291917358769945, "max_depth": 15.0, "min_child_weight": 19.715434450535742, "perc_nulo_max": 0.1, "reg_alpha": 1.0, "reg_lambda": 0.0, "scale_pos_weight": 1.0, "subsample": 1.0, "tnm_class": 1.0}, "datetime": {"datetime": "2020-04-22 14:30:23", "elapsed": 221856.800287, "delta": 196.180768}}
{"target": 0.5, "params": {"colsample_bylevel": 1.0, "colsample_bynode": 1.0, "colsample_bytree": 0.001, "encoder_a": 2.9951998640792312, "encoder_sigma": 0.0, "eta": 1.0, "gamma": 1.0, "max_delta_step": 10.52370850711243, "max_depth": 5.259979973833568, "min_child_weight": 11.82751766132406, "perc_nulo_max": 0.1, "reg_alpha": 0.0, "reg_lambda": 0.0, "scale_pos_weight": 0.001, "subsample": 0.001, "tnm_class": 1.0}, "datetime": {"datetime": "2020-04-22 14:33:03", "elapsed": 222016.165522, "delta": 159.365235}}
{"target": 0.925958304095829, "params": {"colsample_bylevel": 0.47295237997278, "colsample_bynode": 0.6022729941587255, "colsample_bytree": 0.9545796995398096, "encoder_a": 5.7774668493756325, "encoder_sigma": 0.10178964506046329, "eta": 0.619571383470301, "gamma": 0.7902672653802012, "max_delta_step": 6.101285774400274, "max_depth": 11.995790810756883, "min_child_weight": 26.624676573032552, "perc_nulo_max": 0.35104775994314774, "reg_alpha": 0.9420202941178248, "reg_lambda": 0.3304567083878942, "scale_pos_weight": 0.6259274632383393, "subsample": 0.9719300685371657, "tnm_class": 0.6439827696881404}, "datetime": {"datetime": "2020-04-22 14:38:31", "elapsed": 222344.570082, "delta": 328.40456}}
{"target": 0.0, "params": {"colsample_bylevel": 0.04240181588730729, "colsample_bynode": 0.2864152712829561, "colsample_bytree": 0.5978359992164126, "encoder_a": 0.563041945922162, "encoder_sigma": 0.7576345559561932, "eta": 0.1739353564789573, "gamma": 0.9523484269677517, "max_delta_step": 10.904528455190508, "max_depth": 6.732245207022421, "min_child_weight": 25.642868227432146, "perc_nulo_max": 0.7577413875486205, "reg_alpha": 0.2103739502403148, "reg_lambda": 0.8032555066015515, "scale_pos_weight": 0.9159407017459521, "subsample": 0.32044862588558126, "tnm_class": 0.23401024270229898}, "datetime": {"datetime": "2020-04-22 14:38:45", "elapsed": 222358.811173, "delta": 14.241091}}
{"target": 0.8947562896386586, "params": {"colsample_bylevel": 0.001, "colsample_bynode": 0.001, "colsample_bytree": 0.001, "encoder_a": 3.094398413416678, "encoder_sigma": 0.0, "eta": 1.0, "gamma": 0.001, "max_delta_step": 15.218575222753898, "max_depth": 8.360443990628402, "min_child_weight": 24.798139129247026, "perc_nulo_max": 0.1, "reg_alpha": 1.0, "reg_lambda": 0.0, "scale_pos_weight": 1.0, "subsample": 0.5228724003080042, "tnm_class": 1.0}, "datetime": {"datetime": "2020-04-22 14:43:37", "elapsed": 222650.409994, "delta": 291.598821}}
{"target": 0.8998011138012492, "params": {"colsample_bylevel": 1.0, "colsample_bynode": 1.0, "colsample_bytree": 0.001, "encoder_a": 3.3957878756363296, "encoder_sigma": 0.0, "eta": 1.0, "gamma": 0.001, "max_delta_step": 7.818388472331565, "max_depth": 9.555079147728335, "min_child_weight": 24.29076737013723, "perc_nulo_max": 0.1, "reg_alpha": 1.0, "reg_lambda": 1.0, "scale_pos_weight": 1.0, "subsample": 1.0, "tnm_class": 1.0}, "datetime": {"datetime": "2020-04-22 14:53:24", "elapsed": 223237.841896, "delta": 587.431902}}
{"target": 0.8999672250886652, "params": {"colsample_bylevel": 0.001, "colsample_bynode": 0.001, "colsample_bytree": 0.001, "encoder_a": 0.1, "encoder_sigma": 0.0, "eta": 1.0, "gamma": 0.001, "max_delta_step": 0.0, "max_depth": 4.872194863456575, "min_child_weight": 29.760464050041247, "perc_nulo_max": 0.1, "reg_alpha": 0.0, "reg_lambda": 0.0, "scale_pos_weight": 1.0, "subsample": 1.0, "tnm_class": 1.0}, "datetime": {"datetime": "2020-04-22 14:58:35", "elapsed": 223548.193465, "delta": 310.351569}}
{"target": 0.8808211170795627, "params": {"colsample_bylevel": 0.001, "colsample_bynode": 1.0, "colsample_bytree": 1.0, "encoder_a": 0.1, "encoder_sigma": 0.0, "eta": 0.001, "gamma": 0.001, "max_delta_step": 5.3244518981773865, "max_depth": 3.0, "min_child_weight": 1.0, "perc_nulo_max": 0.1, "reg_alpha": 1.0, "reg_lambda": 1.0, "scale_pos_weight": 1.0, "subsample": 0.001, "tnm_class": 1.0}, "datetime": {"datetime": "2020-04-22 15:41:37", "elapsed": 226130.438021, "delta": 2582.244556}}
{"target": 0.5, "params": {"colsample_bylevel": 1.0, "colsample_bynode": 0.001, "colsample_bytree": 0.001, "encoder_a": 8.0, "encoder_sigma": 1.0, "eta": 1.0, "gamma": 1.0, "max_delta_step": 22.75045945867367, "max_depth": 11.019729247809192, "min_child_weight": 19.746064164550962, "perc_nulo_max": 0.1, "reg_alpha": 1.0, "reg_lambda": 1.0, "scale_pos_weight": 0.001, "subsample": 0.001, "tnm_class": 0.0}, "datetime": {"datetime": "2020-04-22 15:44:23", "elapsed": 226296.413839, "delta": 165.975818}}
{"target": 0.749973898330126, "params": {"colsample_bylevel": 1.0, "colsample_bynode": 0.001, "colsample_bytree": 1.0, "encoder_a": 0.1, "encoder_sigma": 0.0, "eta": 0.001, "gamma": 0.001, "max_delta_step": 0.0, "max_depth": 3.0, "min_child_weight": 1.0, "perc_nulo_max": 0.1, "reg_alpha": 0.0, "reg_lambda": 0.0, "scale_pos_weight": 0.001, "subsample": 0.001, "tnm_class": 1.0}, "datetime": {"datetime": "2020-04-22 15:47:26", "elapsed": 226479.293239, "delta": 182.8794}}
{"target": 0.7121130717383117, "params": {"colsample_bylevel": 0.001, "colsample_bynode": 1.0, "colsample_bytree": 0.001, "encoder_a": 1.2794865187984994, "encoder_sigma": 1.0, "eta": 1.0, "gamma": 1.0, "max_delta_step": 7.650086429843525, "max_depth": 15.0, "min_child_weight": 14.75419597308472, "perc_nulo_max": 0.1, "reg_alpha": 0.0, "reg_lambda": 0.0, "scale_pos_weight": 1.0, "subsample": 1.0, "tnm_class": 1.0}, "datetime": {"datetime": "2020-04-22 15:50:32", "elapsed": 226665.48402, "delta": 186.190781}}
{"target": 0.5, "params": {"colsample_bylevel": 0.001, "colsample_bynode": 0.001, "colsample_bytree": 1.0, "encoder_a": 3.9855642475505024, "encoder_sigma": 0.0, "eta": 1.0, "gamma": 1.0, "max_delta_step": 24.757433332128517, "max_depth": 3.0, "min_child_weight": 20.728051540717487, "perc_nulo_max": 0.1, "reg_alpha": 0.0, "reg_lambda": 0.0, "scale_pos_weight": 0.001, "subsample": 1.0, "tnm_class": 0.0}, "datetime": {"datetime": "2020-04-22 15:53:16", "elapsed": 226829.416226, "delta": 163.932206}}
{"target": 0.6796981791599868, "params": {"colsample_bylevel": 0.001, "colsample_bynode": 0.001, "colsample_bytree": 1.0, "encoder_a": 1.0260217109811, "encoder_sigma": 1.0, "eta": 1.0, "gamma": 0.001, "max_delta_step": 10.18007547603698, "max_depth": 8.690397919383129, "min_child_weight": 17.068826995509088, "perc_nulo_max": 0.1, "reg_alpha": 1.0, "reg_lambda": 1.0, "scale_pos_weight": 1.0, "subsample": 0.001, "tnm_class": 1.0}, "datetime": {"datetime": "2020-04-22 15:56:03", "elapsed": 226995.994938, "delta": 166.578712}}
{"target": 0.5036273232668982, "params": {"colsample_bylevel": 1.0, "colsample_bynode": 0.001, "colsample_bytree": 0.001, "encoder_a": 2.8584971449043257, "encoder_sigma": 1.0, "eta": 1.0, "gamma": 0.001, "max_delta_step": 30.0, "max_depth": 8.146212246765058, "min_child_weight": 1.0, "perc_nulo_max": 0.1, "reg_alpha": 0.0, "reg_lambda": 0.0, "scale_pos_weight": 1.0, "subsample": 0.001, "tnm_class": 1.0}, "datetime": {"datetime": "2020-04-22 15:58:48", "elapsed": 227160.994863, "delta": 164.999925}}
{"target": 0.9718259133999758, "params": {"colsample_bylevel": 0.28969997591815544, "colsample_bynode": 0.9867589169118693, "colsample_bytree": 0.8330967918870701, "encoder_a": 4.157093257778566, "encoder_sigma": 0.5176174322599136, "eta": 0.2742045525442671, "gamma": 0.47040401814595156, "max_delta_step": 27.065121739762894, "max_depth": 6.6247316007076655, "min_child_weight": 13.320639293303897, "perc_nulo_max": 0.6786244898683582, "reg_alpha": 0.10376024614801171, "reg_lambda": 0.5239830858203552, "scale_pos_weight": 0.1858709835110909, "subsample": 0.7390305738399029, "tnm_class": 0.599835474357833}, "datetime": {"datetime": "2020-04-19 23:18:09", "elapsed": 3437.16602, "delta": 153.915498}}