{"target": 0.9446867994346281, "params": {"colsample_bylevel": 0.6359979886912351, "colsample_bynode": 0.5665764268147699, "colsample_bytree": 0.6445038967945127, "encoder_a": 7.060603135540981, "encoder_sigma": 0.16664883712031286, "eta": 0.883968895549875, "gamma": 0.7678230819227612, "max_delta_step": 20.382980629822978, "max_depth": 11.533599141777067, "min_child_weight": 21.669833361548587, "perc_nulo_max": 0.5798099838643916, "reg_alpha": 0.5785706127493544, "reg_lambda": 0.9353116400910986, "scale_pos_weight": 0.7558251208039822, "subsample": 0.5784658755043646, "tnm_class": 0.4183233476865975}, "datetime": {"datetime": "2020-04-20 03:02:14", "elapsed": 7767.097749, "delta": 56.665457}}
{"target": 0.884277903107396, "params": {"colsample_bylevel": 0.001, "colsample_bynode": 0.9846297440484673, "colsample_bytree": 1.0, "encoder_a": 0.1, "encoder_sigma": 0.0, "eta": 0.001, "gamma": 1.0, "max_delta_step": 9.834974887404098, "max_depth": 12.243873540648092, "min_child_weight": 10.761366525609963, "perc_nulo_max": 0.1, "reg_alpha": 1.0, "reg_lambda": 0.0, "scale_pos_weight": 0.6362705840629728, "subsample": 0.001, "tnm_class": 1.0}, "datetime": {"datetime": "2020-04-20 03:47:48", "elapsed": 10501.599552, "delta": 2734.501803}}
{"target": 0.8797025239936662, "params": {"colsample_bylevel": 0.001, "colsample_bynode": 0.001, "colsample_bytree": 1.0, "encoder_a": 0.1, "encoder_sigma": 0.0, "eta": 0.001, "gamma": 0.001, "max_delta_step": 11.224279965546357, "max_depth": 3.0, "min_child_weight": 10.91225504299807, "perc_nulo_max": 0.1, "reg_alpha": 1.0, "reg_lambda": 0.0, "scale_pos_weight": 1.0, "subsample": 0.001, "tnm_class": 1.0}, "datetime": {"datetime": "2020-04-20 04:19:34", "elapsed": 12407.487757, "delta": 1905.888205}}
{"target": 0.8474770703363473, "params": {"colsample_bylevel": 0.5915465261468088, "colsample_bynode": 0.17385844814253, "colsample_bytree": 0.025066708171413193, "encoder_a": 7.950093705361437, "encoder_sigma": 0.37306356286728126, "eta": 0.3717625943431163, "gamma": 0.21181860655223056, "max_delta_step": 29.842414708201055, "max_depth": 7.075659578720143, "min_child_weight": 7.564492635215792, "perc_nulo_max": 0.21432136269572333, "reg_alpha": 0.64572248975885, "reg_lambda": 0.282353035953946, "scale_pos_weight": 0.7828042401824143, "subsample": 0.5432424321131141, "tnm_class": 0.651794720910895}, "datetime": {"datetime": "2020-04-20 04:21:45", "elapsed": 12538.018605, "delta": 130.530848}}
{"target": 0.8997110591963999, "params": {"colsample_bylevel": 0.001, "colsample_bynode": 0.001, "colsample_bytree": 0.001, "encoder_a": 1.049089083703126, "encoder_sigma": 0.0, "eta": 1.0, "gamma": 0.001, "max_delta_step": 8.676832495507659, "max_depth": 7.3141544890592405, "min_child_weight": 25.18349211063432, "perc_nulo_max": 0.1, "reg_alpha": 0.0, "reg_lambda": 0.9220886669035571, "scale_pos_weight": 1.0, "subsample": 1.0, "tnm_class": 0.80725577718766}, "datetime": {"datetime": "2020-04-20 04:26:33", "elapsed": 12826.862311, "delta": 288.843706}}
{"target": 0.7897325901211312, "params": {"colsample_bylevel": 0.001, "colsample_bynode": 0.001, "colsample_bytree": 0.001, "encoder_a": 5.217260838429511, "encoder_sigma": 0.878049897129531, "eta": 0.001, "gamma": 0.001, "max_delta_step": 22.57571565337847, "max_depth": 14.816016087902174, "min_child_weight": 13.041457968836829, "perc_nulo_max": 0.1, "reg_alpha": 0.6817435072602376, "reg_lambda": 0.0, "scale_pos_weight": 1.0, "subsample": 1.0, "tnm_class": 1.0}, "datetime": {"datetime": "2020-04-20 08:41:32", "elapsed": 28125.776733, "delta": 15298.914422}}
{"target": 0.8145100822389522, "params": {"colsample_bylevel": 0.8880396541980907, "colsample_bynode": 0.8697899436553438, "colsample_bytree": 0.5475958762052995, "encoder_a": 5.357628340374072, "encoder_sigma": 0.4187286209878067, "eta": 0.5615269148486092, "gamma": 0.11028373446631183, "max_delta_step": 9.58436847589554, "max_depth": 8.651933304836872, "min_child_weight": 11.281545360216976, "perc_nulo_max": 0.13995614924148647, "reg_alpha": 0.1297402584724301, "reg_lambda": 0.9722453980742881, "scale_pos_weight": 0.0987618802788438, "subsample": 0.062314040368072005, "tnm_class": 0.8062744263704933}, "datetime": {"datetime": "2020-04-20 08:43:14", "elapsed": 28227.546096, "delta": 101.769363}}
{"target": 0.0, "params": {"colsample_bylevel": 0.7510459142799268, "colsample_bynode": 0.9452708023148383, "colsample_bytree": 0.11197099735575225, "encoder_a": 0.6169445476619033, "encoder_sigma": 0.8594502162868236, "eta": 0.32062023061830547, "gamma": 0.45822111736312926, "max_delta_step": 17.816161762711047, "max_depth": 3.6799625878089213, "min_child_weight": 24.63692560909687, "perc_nulo_max": 0.7865810884750517, "reg_alpha": 0.5584628035764138, "reg_lambda": 0.8000725230150971, "scale_pos_weight": 0.46980225926634667, "subsample": 0.16101049830929498, "tnm_class": 0.5059734674139709}, "datetime": {"datetime": "2020-04-20 08:43:23", "elapsed": 28236.475889, "delta": 8.929793}}
{"target": 0.851970017154667, "params": {"colsample_bylevel": 0.7249267824852959, "colsample_bynode": 0.9151334867211304, "colsample_bytree": 0.5627277797931478, "encoder_a": 5.068906008774208, "encoder_sigma": 0.7501977604165296, "eta": 0.6192395853412274, "gamma": 0.5637978749439831, "max_delta_step": 25.81631337141157, "max_depth": 6.463532610753674, "min_child_weight": 10.960224369656764, "perc_nulo_max": 0.2272921472238518, "reg_alpha": 0.5204861592372118, "reg_lambda": 0.10623508946106264, "scale_pos_weight": 0.48850691694954623, "subsample": 0.24128384757071641, "tnm_class": 0.7489179347417477}, "datetime": {"datetime": "2020-04-20 08:44:51", "elapsed": 28324.366614, "delta": 87.890725}}
{"target": 0.8878020782783047, "params": {"colsample_bylevel": 0.001, "colsample_bynode": 0.001, "colsample_bytree": 0.001, "encoder_a": 0.1, "encoder_sigma": 0.0, "eta": 0.001, "gamma": 0.001, "max_delta_step": 30.0, "max_depth": 8.05906517717235, "min_child_weight": 6.14992193400673, "perc_nulo_max": 0.1, "reg_alpha": 0.0, "reg_lambda": 0.0, "scale_pos_weight": 1.0, "subsample": 1.0, "tnm_class": 1.0}, "datetime": {"datetime": "2020-04-20 23:01:12", "elapsed": 79705.024231, "delta": 51380.657617}}
{"target": 0.8064644469050009, "params": {"colsample_bylevel": 0.001, "colsample_bynode": 0.001, "colsample_bytree": 0.001, "encoder_a": 4.993327749319038, "encoder_sigma": 0.0, "eta": 1.0, "gamma": 0.001, "max_delta_step": 8.788752328262825, "max_depth": 7.257358088713359, "min_child_weight": 20.64244554479011, "perc_nulo_max": 0.1, "reg_alpha": 0.0, "reg_lambda": 0.0, "scale_pos_weight": 1.0, "subsample": 0.001, "tnm_class": 1.0}, "datetime": {"datetime": "2020-04-20 23:04:13", "elapsed": 79886.387384, "delta": 181.363153}}
{"target": 0.8048664048025163, "params": {"colsample_bylevel": 0.001, "colsample_bynode": 0.001, "colsample_bytree": 1.0, "encoder_a": 0.1, "encoder_sigma": 1.0, "eta": 1.0, "gamma": 0.001, "max_delta_step": 5.182658364989896, "max_depth": 3.0, "min_child_weight": 18.274487605476125, "perc_nulo_max": 0.1, "reg_alpha": 1.0, "reg_lambda": 1.0, "scale_pos_weight": 1.0, "subsample": 1.0, "tnm_class": 0.0}, "datetime": {"datetime": "2020-04-20 23:07:34", "elapsed": 80087.262439, "delta": 200.875055}}
{"target": 0.8841856494798647, "params": {"colsample_bylevel": 1.0, "colsample_bynode": 0.001, "colsample_bytree": 0.001, "encoder_a": 8.0, "encoder_sigma": 0.0, "eta": 0.001, "gamma": 0.001, "max_delta_step": 30.0, "max_depth": 3.0, "min_child_weight": 1.0, "perc_nulo_max": 0.1, "reg_alpha": 0.2846997759058992, "reg_lambda": 0.0, "scale_pos_weight": 1.0, "subsample": 0.1936909220288529, "tnm_class": 1.0}, "datetime": {"datetime": "2020-04-21 01:13:11", "elapsed": 87624.279208, "delta": 7537.016769}}
{"target": 0.8615576713355548, "params": {"colsample_bylevel": 1.0, "colsample_bynode": 1.0, "colsample_bytree": 1.0, "encoder_a": 0.1, "encoder_sigma": 0.0, "eta": 1.0, "gamma": 0.001, "max_delta_step": 12.043877412677379, "max_depth": 11.297594167246801, "min_child_weight": 30.0, "perc_nulo_max": 0.1, "reg_alpha": 0.0, "reg_lambda": 0.0, "scale_pos_weight": 1.0, "subsample": 0.001, "tnm_class": 0.0}, "datetime": {"datetime": "2020-04-21 01:16:09", "elapsed": 87802.073553, "delta": 177.794345}}
{"target": 0.8681982552467705, "params": {"colsample_bylevel": 0.8982084719467204, "colsample_bynode": 0.24517756685079187, "colsample_bytree": 0.07148489904814036, "encoder_a": 4.701172548144108, "encoder_sigma": 0.32740798474634536, "eta": 0.6548937115427504, "gamma": 0.41961731983794337, "max_delta_step": 12.315762461623468, "max_depth": 13.678911844459286, "min_child_weight": 27.644281335026367, "perc_nulo_max": 0.33904476362162095, "reg_alpha": 0.8211267482859156, "reg_lambda": 0.2426101929677411, "scale_pos_weight": 0.8877386840406718, "subsample": 0.48652618713922874, "tnm_class": 0.8275853430249775}, "datetime": {"datetime": "2020-04-21 01:19:22", "elapsed": 87995.201731, "delta": 193.128178}}
{"target": 0.9033508513006296, "params": {"colsample_bylevel": 0.3557248014926756, "colsample_bynode": 0.9440113244356199, "colsample_bytree": 0.7551416864207806, "encoder_a": 2.5352748430779766, "encoder_sigma": 0.6854170423697851, "eta": 0.733753687537444, "gamma": 0.7561234215241245, "max_delta_step": 26.187881936101927, "max_depth": 3.769995669705303, "min_child_weight": 15.637679773334069, "perc_nulo_max": 0.4596420785765889, "reg_alpha": 0.8662461900041168, "reg_lambda": 0.9382861990335339, "scale_pos_weight": 0.6777712060752722, "subsample": 0.9130819261956951, "tnm_class": 0.4523021533888145}, "datetime": {"datetime": "2020-04-21 01:21:22", "elapsed": 88115.434728, "delta": 120.232997}}
{"target": 0.0, "params": {"colsample_bylevel": 0.23575643001728347, "colsample_bynode": 0.9129870318705611, "colsample_bytree": 0.42797859937729305, "encoder_a": 2.2625048729659594, "encoder_sigma": 0.4320897863249594, "eta": 0.6682867732745085, "gamma": 0.6968422937444092, "max_delta_step": 28.539092615688823, "max_depth": 4.6804970809471005, "min_child_weight": 26.83399818296054, "perc_nulo_max": 0.7486928425401893, "reg_alpha": 0.37951642926878726, "reg_lambda": 0.8356262015466445, "scale_pos_weight": 0.3889748801728114, "subsample": 0.6629718720433049, "tnm_class": 0.9167396585401316}, "datetime": {"datetime": "2020-04-21 01:21:38", "elapsed": 88131.67136, "delta": 16.236632}}
{"target": 0.8985025070388494, "params": {"colsample_bylevel": 0.6032273890448508, "colsample_bynode": 0.45209164667957585, "colsample_bytree": 0.1126270108037519, "encoder_a": 4.000393371030523, "encoder_sigma": 0.42458010180304673, "eta": 0.9428585041061242, "gamma": 0.6780183077413896, "max_delta_step": 13.381997256013177, "max_depth": 11.820163144795853, "min_child_weight": 24.656017690429596, "perc_nulo_max": 0.43257870929112896, "reg_alpha": 0.8137382588433286, "reg_lambda": 0.8729911980541655, "scale_pos_weight": 0.5352830469311217, "subsample": 0.9224723744486049, "tnm_class": 0.7874295419453691}, "datetime": {"datetime": "2020-04-21 01:23:44", "elapsed": 88257.413737, "delta": 125.742377}}
{"target": 0.7860645095777173, "params": {"colsample_bylevel": 0.001, "colsample_bynode": 0.001, "colsample_bytree": 0.001, "encoder_a": 2.7570414507538157, "encoder_sigma": 1.0, "eta": 0.001, "gamma": 1.0, "max_delta_step": 29.334710157688534, "max_depth": 3.0, "min_child_weight": 10.65318036888549, "perc_nulo_max": 0.1, "reg_alpha": 0.0, "reg_lambda": 0.18388742554316256, "scale_pos_weight": 1.0, "subsample": 1.0, "tnm_class": 1.0}, "datetime": {"datetime": "2020-04-21 01:58:00", "elapsed": 90313.440749, "delta": 2056.027012}}
{"target": 0.9059089315498603, "params": {"colsample_bylevel": 0.3142708249645562, "colsample_bynode": 0.4847774743981341, "colsample_bytree": 0.8697822974892423, "encoder_a": 7.794149706991146, "encoder_sigma": 0.6260652695936445, "eta": 0.502934304524947, "gamma": 0.15405691304401112, "max_delta_step": 10.419279797460803, "max_depth": 6.033816235615729, "min_child_weight": 22.32945611559127, "perc_nulo_max": 0.1346747462883918, "reg_alpha": 0.19318210089947674, "reg_lambda": 0.7751868172205258, "scale_pos_weight": 0.22202201305070635, "subsample": 0.7196536250725669, "tnm_class": 0.28636969036344473}, "datetime": {"datetime": "2020-04-21 02:35:58", "elapsed": 92591.226117, "delta": 2277.785368}}
{"target": 0.7831375056219109, "params": {"colsample_bylevel": 0.5721893955018731, "colsample_bynode": 0.9122085894614341, "colsample_bytree": 0.11807199765768053, "encoder_a": 2.6475601008897707, "encoder_sigma": 0.7825609321748646, "eta": 0.6228329196434897, "gamma": 0.7216449116292885, "max_delta_step": 25.413320319039723, "max_depth": 9.645201470518408, "min_child_weight": 24.24696195796861, "perc_nulo_max": 0.1945235820983312, "reg_alpha": 0.36089490827297077, "reg_lambda": 0.732516254377062, "scale_pos_weight": 0.18191093531536365, "subsample": 0.6919494373896943, "tnm_class": 0.20914504805437162}, "datetime": {"datetime": "2020-04-21 02:42:51", "elapsed": 93004.373617, "delta": 413.1475}}
{"target": 0.7502466232796153, "params": {"colsample_bylevel": 0.09023904434840713, "colsample_bynode": 0.27997713583485445, "colsample_bytree": 0.9522099690810208, "encoder_a": 6.391059238701814, "encoder_sigma": 0.721635304067558, "eta": 0.11335257907855155, "gamma": 0.4503051880055988, "max_delta_step": 29.608248673905734, "max_depth": 7.219423971150459, "min_child_weight": 16.33411757189542, "perc_nulo_max": 0.3114856705712578, "reg_alpha": 0.3341114381677165, "reg_lambda": 0.5681915975351653, "scale_pos_weight": 0.17786911545412842, "subsample": 0.8188138698630243, "tnm_class": 0.8309517379796295}, "datetime": {"datetime": "2020-04-21 02:45:26", "elapsed": 93159.508505, "delta": 155.134888}}
{"target": 0.9111383320677324, "params": {"colsample_bylevel": 0.5976629601132536, "colsample_bynode": 0.25251359670677065, "colsample_bytree": 0.13749307867379806, "encoder_a": 6.490836367302064, "encoder_sigma": 0.6377833082198381, "eta": 0.9365374204462489, "gamma": 0.20834338267473684, "max_delta_step": 2.1707251547474438, "max_depth": 6.2983402193501155, "min_child_weight": 23.926993919775864, "perc_nulo_max": 0.6087239183891957, "reg_alpha": 0.8854048428468195, "reg_lambda": 0.08158444583471058, "scale_pos_weight": 0.460145313180923, "subsample": 0.6917382486378099, "tnm_class": 0.07073233656508682}, "datetime": {"datetime": "2020-04-21 02:47:14", "elapsed": 93267.295923, "delta": 107.787418}}
{"target": 0.6190837459159418, "params": {"colsample_bylevel": 0.06273236478397659, "colsample_bynode": 0.2925095077563277, "colsample_bytree": 0.8283444350615329, "encoder_a": 3.120185236971485, "encoder_sigma": 0.1803381645823029, "eta": 0.24641805020537091, "gamma": 0.01491650707362762, "max_delta_step": 4.185860096321953, "max_depth": 5.3301879522275035, "min_child_weight": 20.72412148619379, "perc_nulo_max": 0.1480557305394379, "reg_alpha": 0.14952833638004903, "reg_lambda": 0.4216407873431003, "scale_pos_weight": 0.03734335656469811, "subsample": 0.86857561100872, "tnm_class": 0.7633219447335627}, "datetime": {"datetime": "2020-04-21 02:50:17", "elapsed": 93450.860688, "delta": 183.564765}}
{"target": 0.8458963617299757, "params": {"colsample_bylevel": 0.8664846119796163, "colsample_bynode": 0.34627750119049777, "colsample_bytree": 0.341041529580214, "encoder_a": 5.118331020634109, "encoder_sigma": 0.7123201451767527, "eta": 0.40248144582542, "gamma": 0.6763784777155218, "max_delta_step": 20.654612821279137, "max_depth": 12.392605345919977, "min_child_weight": 17.05577422031134, "perc_nulo_max": 0.36826486616076626, "reg_alpha": 0.4201611684306351, "reg_lambda": 0.7872648889472045, "scale_pos_weight": 0.5369774526111772, "subsample": 0.13981505261392216, "tnm_class": 0.558745820375206}, "datetime": {"datetime": "2020-04-21 02:53:29", "elapsed": 93642.30005, "delta": 191.439362}}
{"target": 0.8882823978391488, "params": {"colsample_bylevel": 1.0, "colsample_bynode": 0.001, "colsample_bytree": 0.001, "encoder_a": 0.1, "encoder_sigma": 0.0, "eta": 0.001, "gamma": 0.001, "max_delta_step": 28.43346449710278, "max_depth": 15.0, "min_child_weight": 1.0, "perc_nulo_max": 0.1, "reg_alpha": 0.0, "reg_lambda": 1.0, "scale_pos_weight": 1.0, "subsample": 1.0, "tnm_class": 1.0}, "datetime": {"datetime": "2020-04-22 08:54:00", "elapsed": 201673.137333, "delta": 108030.837283}}
{"target": 0.8505402341857264, "params": {"colsample_bylevel": 0.8141472470494533, "colsample_bynode": 0.5234109960179324, "colsample_bytree": 0.22210501890222029, "encoder_a": 5.139857366177884, "encoder_sigma": 0.6276557099733462, "eta": 0.5825006213905638, "gamma": 0.8400779152413484, "max_delta_step": 28.134687766459322, "max_depth": 3.604501212047928, "min_child_weight": 16.190303148687185, "perc_nulo_max": 0.1613167825269204, "reg_alpha": 0.6722163045503615, "reg_lambda": 0.1652034355679598, "scale_pos_weight": 0.7759300619902058, "subsample": 0.49710140657284746, "tnm_class": 0.6525080935460122}, "datetime": {"datetime": "2020-04-22 08:57:15", "elapsed": 201868.17016, "delta": 195.032827}}
{"target": 0.6459992428301639, "params": {"colsample_bylevel": 0.0849765967127894, "colsample_bynode": 0.9123690770282782, "colsample_bytree": 0.03284978047370947, "encoder_a": 6.882153951718978, "encoder_sigma": 0.7637576012715908, "eta": 0.4517596554357741, "gamma": 0.1160781307260603, "max_delta_step": 25.132807273757074, "max_depth": 8.674475717372559, "min_child_weight": 11.46364584896314, "perc_nulo_max": 0.49165821119069975, "reg_alpha": 0.142407804587679, "reg_lambda": 0.02381110842776435, "scale_pos_weight": 0.4818570976098733, "subsample": 0.4933910610843998, "tnm_class": 0.6690064916256976}, "datetime": {"datetime": "2020-04-22 08:59:06", "elapsed": 201979.049877, "delta": 110.879717}}
{"target": 0.7876343155587653, "params": {"colsample_bylevel": 1.0, "colsample_bynode": 1.0, "colsample_bytree": 0.001, "encoder_a": 8.0, "encoder_sigma": 1.0, "eta": 0.001, "gamma": 1.0, "max_delta_step": 5.787854183925352, "max_depth": 6.273684534355759, "min_child_weight": 22.02294611273069, "perc_nulo_max": 0.1, "reg_alpha": 1.0, "reg_lambda": 1.0, "scale_pos_weight": 1.0, "subsample": 1.0, "tnm_class": 0.0}, "datetime": {"datetime": "2020-04-22 10:16:04", "elapsed": 206597.789517, "delta": 4618.73964}}
{"target": 0.9384810304918745, "params": {"colsample_bylevel": 0.08930064414500839, "colsample_bynode": 0.4387728224140521, "colsample_bytree": 0.9933059600702234, "encoder_a": 1.2047936430399384, "encoder_sigma": 0.44149041843258297, "eta": 0.21792732850345092, "gamma": 0.412370227299745, "max_delta_step": 0.5822436282139354, "max_depth": 3.874073348907862, "min_child_weight": 19.398337758274575, "perc_nulo_max": 0.6493471809882545, "reg_alpha": 0.7118287811489028, "reg_lambda": 0.8625498606626267, "scale_pos_weight": 0.5206719289967107, "subsample": 0.7759074396583774, "tnm_class": 0.9064417765599284}, "datetime": {"datetime": "2020-04-22 10:18:04", "elapsed": 206717.783069, "delta": 119.993552}}
{"target": 0.9342051884968413, "params": {"colsample_bylevel": 0.45740868947853053, "colsample_bynode": 0.6970114029465518, "colsample_bytree": 0.5610528510322281, "encoder_a": 7.947225820940681, "encoder_sigma": 0.10092031729670747, "eta": 0.9979091356153245, "gamma": 0.5905284369040305, "max_delta_step": 0.49563099463095783, "max_depth": 3.0770465641143545, "min_child_weight": 17.551063096920675, "perc_nulo_max": 0.529482651965222, "reg_alpha": 0.1196606591743854, "reg_lambda": 0.7304909992529347, "scale_pos_weight": 0.5712207988776882, "subsample": 0.6715569522209324, "tnm_class": 0.3531219335939738}, "datetime": {"datetime": "2020-04-22 10:20:03", "elapsed": 206836.867167, "delta": 119.084098}}
{"target": 0.7880434318731167, "params": {"colsample_bylevel": 0.001, "colsample_bynode": 1.0, "colsample_bytree": 0.001, "encoder_a": 8.0, "encoder_sigma": 1.0, "eta": 0.001, "gamma": 0.001, "max_delta_step": 0.0, "max_depth": 8.982344786848483, "min_child_weight": 14.796684275524676, "perc_nulo_max": 0.1, "reg_alpha": 1.0, "reg_lambda": 0.0, "scale_pos_weight": 1.0, "subsample": 1.0, "tnm_class": 1.0}, "datetime": {"datetime": "2020-04-22 13:03:27", "elapsed": 216640.805871, "delta": 9803.938704}}
{"target": 0.0, "params": {"colsample_bylevel": 0.606951542529973, "colsample_bynode": 0.9945658809353871, "colsample_bytree": 0.2542532006369276, "encoder_a": 7.680267373079382, "encoder_sigma": 0.43166289504093946, "eta": 0.7759697768889078, "gamma": 0.18957828366246304, "max_delta_step": 18.32257814932427, "max_depth": 14.583390151559598, "min_child_weight": 20.101828856938802, "perc_nulo_max": 0.7004456292082054, "reg_alpha": 0.244143393633228, "reg_lambda": 0.6675573582888503, "scale_pos_weight": 0.9195050609010517, "subsample": 0.7825736868863474, "tnm_class": 0.7046003259853901}, "datetime": {"datetime": "2020-04-22 13:03:41", "elapsed": 216654.602946, "delta": 13.797075}}
{"target": 0.8569143590432529, "params": {"colsample_bylevel": 0.3011742024169078, "colsample_bynode": 0.9474922529129212, "colsample_bytree": 0.6434345662954819, "encoder_a": 5.281485976170298, "encoder_sigma": 0.4668662109886994, "eta": 0.7661555096306322, "gamma": 0.42848727087707666, "max_delta_step": 1.1248253323990198, "max_depth": 13.17606818922352, "min_child_weight": 21.676560240591957, "perc_nulo_max": 0.31910372073453785, "reg_alpha": 0.8075356357565637, "reg_lambda": 0.659462315474851, "scale_pos_weight": 0.8008801556052169, "subsample": 0.34925885096918835, "tnm_class": 0.7149189364269671}, "datetime": {"datetime": "2020-04-22 13:06:05", "elapsed": 216798.400546, "delta": 143.7976}}
