{"target": 0.8518661502021889, "params": {"colsample_bylevel": 0.2045295726744462, "colsample_bynode": 0.26446069253270166, "colsample_bytree": 0.5614869929386112, "encoder_a": 5.094573129836159, "encoder_sigma": 0.8099391142127915, "eta": 0.450500151347751, "gamma": 0.08435264196882361, "max_delta_step": 1.5450588589790837, "max_depth": 6.974651230400645, "min_child_weight": 13.042882982320805, "perc_nulo_max": 0.3379994974519512, "reg_alpha": 0.7727660493627958, "reg_lambda": 0.3851272144682232, "scale_pos_weight": 0.7497736821222091, "subsample": 0.4771084322505238, "tnm_class": 0.5275708884456793}, "datetime": {"datetime": "2020-04-20 00:52:47", "elapsed": 0.0, "delta": 0.0}}
{"target": 0.8840909195583013, "params": {"colsample_bylevel": 0.003568542493577465, "colsample_bynode": 0.6149091492455606, "colsample_bytree": 0.023238871635542346, "encoder_a": 2.4735341793804024, "encoder_sigma": 0.40113994476846593, "eta": 0.4717030759189537, "gamma": 0.040111277203281566, "max_delta_step": 26.926746537916905, "max_depth": 13.893545366695745, "min_child_weight": 28.482289806270757, "perc_nulo_max": 0.4360092746073919, "reg_alpha": 0.3814996365673946, "reg_lambda": 0.2732952599844892, "scale_pos_weight": 0.31966405930112174, "subsample": 0.008839324135996088, "tnm_class": 0.9005396261621332}, "datetime": {"datetime": "2020-04-20 00:53:53", "elapsed": 65.986371, "delta": 65.986371}}
{"target": 0.0, "params": {"colsample_bylevel": 0.0677293210510176, "colsample_bynode": 0.7721426197602, "colsample_bytree": 0.5489952229246546, "encoder_a": 6.298611015993344, "encoder_sigma": 0.4906431618515894, "eta": 0.4347277965641043, "gamma": 0.7596789337344887, "max_delta_step": 20.36378608621765, "max_depth": 7.3965653951407315, "min_child_weight": 4.9237744294870165, "perc_nulo_max": 0.7834549696426134, "reg_alpha": 0.6866289200679236, "reg_lambda": 0.768926271316291, "scale_pos_weight": 0.1771557102689556, "subsample": 0.2782553373263363, "tnm_class": 0.453366046521535}, "datetime": {"datetime": "2020-04-20 00:54:02", "elapsed": 75.94904, "delta": 9.962669}}
{"target": 0.9222041027872651, "params": {"colsample_bylevel": 0.4730771969067537, "colsample_bynode": 0.5158222346046434, "colsample_bytree": 0.9685089140147212, "encoder_a": 0.9687875035081823, "encoder_sigma": 0.8405774512189804, "eta": 0.8114090490384208, "gamma": 0.7493515626738829, "max_delta_step": 10.07481123824286, "max_depth": 4.954189231896753, "min_child_weight": 20.025374952732243, "perc_nulo_max": 0.6328610867257907, "reg_alpha": 0.5440390964715436, "reg_lambda": 0.09766227502781766, "scale_pos_weight": 0.8912976011771546, "subsample": 0.08863394540327678, "tnm_class": 0.17710187947328637}, "datetime": {"datetime": "2020-04-20 00:55:00", "elapsed": 133.703976, "delta": 57.754936}}
{"target": 0.9126245224237783, "params": {"colsample_bylevel": 0.15695329192659235, "colsample_bynode": 0.33098398495671916, "colsample_bytree": 0.1699256941717864, "encoder_a": 5.977750584517069, "encoder_sigma": 0.33044582410471524, "eta": 0.7812899513896667, "gamma": 0.44009922805613183, "max_delta_step": 5.175727503813228, "max_depth": 13.013462644905648, "min_child_weight": 13.849190537133921, "perc_nulo_max": 0.1323801133114998, "reg_alpha": 0.22345024872371455, "reg_lambda": 0.15914839037380224, "scale_pos_weight": 0.3780511834826552, "subsample": 0.9368242170775175, "tnm_class": 0.7674420439457963}, "datetime": {"datetime": "2020-04-20 01:05:09", "elapsed": 741.986115, "delta": 608.282139}}
{"target": 0.7161616134814395, "params": {"colsample_bylevel": 0.17920602734877167, "colsample_bynode": 0.5410287673905754, "colsample_bytree": 0.37439625328576986, "encoder_a": 4.630962990748713, "encoder_sigma": 0.9750403477758463, "eta": 0.043089364838269285, "gamma": 0.5282074261099208, "max_delta_step": 14.693452347844708, "max_depth": 8.674420535016997, "min_child_weight": 12.067119986303084, "perc_nulo_max": 0.24979264677153734, "reg_alpha": 0.6366941522285259, "reg_lambda": 0.11446606651533597, "scale_pos_weight": 0.18618737367412314, "subsample": 0.08079384290556171, "tnm_class": 0.5050564898548721}, "datetime": {"datetime": "2020-04-20 01:06:36", "elapsed": 829.223443, "delta": 87.237328}}
{"target": 0.0, "params": {"colsample_bylevel": 0.5246029005583389, "colsample_bynode": 0.029610479499581257, "colsample_bytree": 0.2529584307527087, "encoder_a": 6.380094526475768, "encoder_sigma": 0.5782273502066715, "eta": 0.9694499295702339, "gamma": 0.670420007348007, "max_delta_step": 11.883055321928046, "max_depth": 8.239331918753482, "min_child_weight": 5.825750593715918, "perc_nulo_max": 0.7130158624087134, "reg_alpha": 0.3397500922929555, "reg_lambda": 0.8333759756635263, "scale_pos_weight": 0.6409738981693605, "subsample": 0.9084405421373036, "tnm_class": 0.9811789764463077}, "datetime": {"datetime": "2020-04-20 01:06:45", "elapsed": 838.349133, "delta": 9.12569}}
{"target": 0.8593182092290187, "params": {"colsample_bylevel": 0.4958965871904043, "colsample_bynode": 0.3772317887841409, "colsample_bytree": 0.8139195537772378, "encoder_a": 5.967126819285874, "encoder_sigma": 0.9241989637596998, "eta": 0.7428857918164463, "gamma": 0.9353779768318206, "max_delta_step": 15.576092434635736, "max_depth": 13.950240299719868, "min_child_weight": 1.2721720348750643, "perc_nulo_max": 0.4022427543131549, "reg_alpha": 0.03275237376626072, "reg_lambda": 0.9466842302744071, "scale_pos_weight": 0.2846765519428928, "subsample": 0.4703026695959858, "tnm_class": 0.5121511143895471}, "datetime": {"datetime": "2020-04-20 01:09:11", "elapsed": 983.987323, "delta": 145.63819}}
{"target": 0.0, "params": {"colsample_bylevel": 0.4089593927241813, "colsample_bynode": 0.10848736163008683, "colsample_bytree": 0.33939420918352453, "encoder_a": 0.8172993930310785, "encoder_sigma": 0.2691911568092673, "eta": 0.5574356680340589, "gamma": 0.8668320599950071, "max_delta_step": 2.8291169066483937, "max_depth": 7.443434126688405, "min_child_weight": 12.153993482113552, "perc_nulo_max": 0.7061139857897026, "reg_alpha": 0.6078891713341772, "reg_lambda": 0.7384905805031571, "scale_pos_weight": 0.862529160374285, "subsample": 0.7852957392213962, "tnm_class": 0.25015168120038056}, "datetime": {"datetime": "2020-04-20 01:09:20", "elapsed": 993.777186, "delta": 9.789863}}
{"target": 0.0, "params": {"colsample_bylevel": 0.902095170669484, "colsample_bynode": 0.7478474038771782, "colsample_bytree": 0.1297225841524338, "encoder_a": 3.7825407767471555, "encoder_sigma": 0.9747251106831403, "eta": 0.7710978884171583, "gamma": 0.31093852001750066, "max_delta_step": 3.102382539275764, "max_depth": 14.946397118144986, "min_child_weight": 4.066335715650937, "perc_nulo_max": 0.70533499584351, "reg_alpha": 0.9974500222162683, "reg_lambda": 0.2717673567121236, "scale_pos_weight": 0.15835805381427254, "subsample": 0.30101993794045384, "tnm_class": 0.7833717351990307}, "datetime": {"datetime": "2020-04-20 01:09:30", "elapsed": 1003.450411, "delta": 9.673225}}
{"target": 0.8668229092997365, "params": {"colsample_bylevel": 0.4165397004043878, "colsample_bynode": 0.6433301077303809, "colsample_bytree": 0.6982724952400985, "encoder_a": 2.735653001612304, "encoder_sigma": 0.4255223316492628, "eta": 0.5386306541682425, "gamma": 0.32895567666023423, "max_delta_step": 12.53595801821075, "max_depth": 5.935771749137654, "min_child_weight": 14.896714289754417, "perc_nulo_max": 0.4024591782651017, "reg_alpha": 0.6941011210850265, "reg_lambda": 0.14547293298538888, "scale_pos_weight": 0.7033398244521446, "subsample": 0.4972020913068793, "tnm_class": 0.5939158353760097}, "datetime": {"datetime": "2020-04-20 01:11:06", "elapsed": 1099.833994, "delta": 96.383583}}
{"target": 0.8460825632251702, "params": {"colsample_bylevel": 0.6380652863317441, "colsample_bynode": 0.7172268059916221, "colsample_bytree": 0.16095258643404742, "encoder_a": 0.6116574503653464, "encoder_sigma": 0.959076958981861, "eta": 0.49729970653916583, "gamma": 0.7433502551734418, "max_delta_step": 6.589836072325519, "max_depth": 6.886606422618538, "min_child_weight": 18.78167335139621, "perc_nulo_max": 0.33006938324295587, "reg_alpha": 0.5096275410099828, "reg_lambda": 0.5909244649622151, "scale_pos_weight": 0.9967533483210725, "subsample": 0.3097824930738991, "tnm_class": 0.6859749829362057}, "datetime": {"datetime": "2020-04-20 01:12:49", "elapsed": 1202.203758, "delta": 102.369764}}
{"target": 0.0, "params": {"colsample_bylevel": 0.4881098507775641, "colsample_bynode": 0.723165370697058, "colsample_bytree": 0.6103055194543674, "encoder_a": 7.997380074405613, "encoder_sigma": 0.9207921756668548, "eta": 0.4203678001369678, "gamma": 0.4123381582524293, "max_delta_step": 7.745363389691561, "max_depth": 7.521936303753224, "min_child_weight": 7.82927911362864, "perc_nulo_max": 0.7430494139120315, "reg_alpha": 0.2881585559727259, "reg_lambda": 0.6439476013161586, "scale_pos_weight": 0.2932362570492754, "subsample": 0.8478924836036531, "tnm_class": 0.0035772381386773855}, "datetime": {"datetime": "2020-04-20 01:12:58", "elapsed": 1211.917821, "delta": 9.714063}}
{"target": 0.8449490395207817, "params": {"colsample_bylevel": 0.21390719118184431, "colsample_bynode": 0.48800570582057906, "colsample_bytree": 0.43911413562495005, "encoder_a": 0.7495129531713266, "encoder_sigma": 0.9625975111304685, "eta": 0.7217965745287561, "gamma": 0.6879580297924666, "max_delta_step": 0.5452577702543115, "max_depth": 10.234409737900666, "min_child_weight": 13.636636862691908, "perc_nulo_max": 0.40243652087874515, "reg_alpha": 0.03989751246658735, "reg_lambda": 0.4513525403071077, "scale_pos_weight": 0.6221507089551346, "subsample": 0.6011833227843684, "tnm_class": 0.4054556380809854}, "datetime": {"datetime": "2020-04-20 01:14:57", "elapsed": 1330.328177, "delta": 118.410356}}
{"target": 0.8525853780484326, "params": {"colsample_bylevel": 0.6100241796452497, "colsample_bynode": 0.13095023676910164, "colsample_bytree": 0.5156946410075814, "encoder_a": 5.23163510536867, "encoder_sigma": 0.6098719527837776, "eta": 0.5038835280570904, "gamma": 0.7414226362620511, "max_delta_step": 2.7014881125365884, "max_depth": 5.2842677161776965, "min_child_weight": 20.884978575673465, "perc_nulo_max": 0.3102053498307483, "reg_alpha": 0.7898706138158947, "reg_lambda": 0.694214387916699, "scale_pos_weight": 0.9489903382422541, "subsample": 0.3523257318078218, "tnm_class": 0.935143687299759}, "datetime": {"datetime": "2020-04-20 01:16:56", "elapsed": 1449.597832, "delta": 119.269655}}
{"target": 0.8386219890322206, "params": {"colsample_bylevel": 0.7053967101789753, "colsample_bynode": 0.1489979258373391, "colsample_bytree": 0.7060243302825, "encoder_a": 4.213797407528805, "encoder_sigma": 0.8518678076620666, "eta": 0.9647475034190784, "gamma": 0.3162732065314941, "max_delta_step": 2.3075803435698594, "max_depth": 4.526519886991523, "min_child_weight": 7.195380654016625, "perc_nulo_max": 0.34059051654705014, "reg_alpha": 0.4620515973804149, "reg_lambda": 0.313942590330366, "scale_pos_weight": 0.700193073035442, "subsample": 0.2447457731332507, "tnm_class": 0.7649702135956922}, "datetime": {"datetime": "2020-04-20 01:18:27", "elapsed": 1540.592988, "delta": 90.995156}}
{"target": 0.8530786712027032, "params": {"colsample_bylevel": 0.39150724278627136, "colsample_bynode": 0.35109088624195967, "colsample_bytree": 0.600093783249803, "encoder_a": 1.6435590221764413, "encoder_sigma": 0.8444730323439684, "eta": 0.7871910102855686, "gamma": 0.6006046276477987, "max_delta_step": 10.374813294197216, "max_depth": 14.500447436548392, "min_child_weight": 22.566459072581935, "perc_nulo_max": 0.3963831672529321, "reg_alpha": 0.38907278621498464, "reg_lambda": 0.9598107841303065, "scale_pos_weight": 0.7497852934090425, "subsample": 0.784747635151346, "tnm_class": 0.8398431353715734}, "datetime": {"datetime": "2020-04-20 01:20:16", "elapsed": 1649.168029, "delta": 108.575041}}
{"target": 0.0, "params": {"colsample_bylevel": 0.07747571688934515, "colsample_bynode": 0.8762304862466033, "colsample_bytree": 0.6274357418696928, "encoder_a": 7.949050553571977, "encoder_sigma": 0.9138018364896339, "eta": 0.7968056991936187, "gamma": 0.9171535111578518, "max_delta_step": 29.696476044223914, "max_depth": 10.913151052422526, "min_child_weight": 7.889987513241535, "perc_nulo_max": 0.7377913845131325, "reg_alpha": 0.039674046009979036, "reg_lambda": 0.5763072162443157, "scale_pos_weight": 0.19711221964124473, "subsample": 0.9300881933974129, "tnm_class": 0.6631452976775478}, "datetime": {"datetime": "2020-04-20 01:20:25", "elapsed": 1658.075394, "delta": 8.907365}}
{"target": 0.9067133403966473, "params": {"colsample_bylevel": 0.6637582462081562, "colsample_bynode": 0.32638636851180325, "colsample_bytree": 0.46025723385275935, "encoder_a": 1.4244290263037562, "encoder_sigma": 0.9138480338881576, "eta": 0.04487530266628781, "gamma": 0.4607767969384549, "max_delta_step": 26.866595492683878, "max_depth": 14.956605370871614, "min_child_weight": 12.089436982550518, "perc_nulo_max": 0.5472261027100641, "reg_alpha": 0.11202962761435709, "reg_lambda": 0.14171204972612061, "scale_pos_weight": 0.392331748416701, "subsample": 0.7795910334946143, "tnm_class": 0.9501548556620404}, "datetime": {"datetime": "2020-04-20 01:31:19", "elapsed": 2312.625891, "delta": 654.550497}}
{"target": 0.0, "params": {"colsample_bylevel": 0.8469450567465621, "colsample_bynode": 0.9082350571628128, "colsample_bytree": 0.8736040224340496, "encoder_a": 2.8147268645172088, "encoder_sigma": 0.6307488311002262, "eta": 0.6581948132410496, "gamma": 0.21779511691995412, "max_delta_step": 15.241833119109087, "max_depth": 6.614847862321131, "min_child_weight": 16.220907277771705, "perc_nulo_max": 0.7795078812372943, "reg_alpha": 0.6876763779707916, "reg_lambda": 0.3302572334942985, "scale_pos_weight": 0.7492654893841965, "subsample": 0.9914939974876782, "tnm_class": 0.019953142910168142}, "datetime": {"datetime": "2020-04-20 01:31:28", "elapsed": 2321.570277, "delta": 8.944386}}
{"target": 0.0, "params": {"colsample_bylevel": 0.7124893936520745, "colsample_bynode": 0.64385105944587, "colsample_bytree": 0.03790920390049016, "encoder_a": 7.051868361975748, "encoder_sigma": 0.38689958049544015, "eta": 0.45299571673970224, "gamma": 0.6117977636957227, "max_delta_step": 10.551742491399471, "max_depth": 14.893815687578499, "min_child_weight": 20.66738272821528, "perc_nulo_max": 0.714091279429938, "reg_alpha": 0.5853713544904107, "reg_lambda": 0.08764877865392784, "scale_pos_weight": 0.2195433817235732, "subsample": 0.354791521043638, "tnm_class": 0.4175568067214983}, "datetime": {"datetime": "2020-04-20 01:31:37", "elapsed": 2330.388668, "delta": 8.818391}}
{"target": 0.825379986087636, "params": {"colsample_bylevel": 0.5671988867752982, "colsample_bynode": 0.42662056564353873, "colsample_bytree": 0.19143960655947384, "encoder_a": 5.284165570432024, "encoder_sigma": 0.6836830022495356, "eta": 0.8892294341353779, "gamma": 0.686807537131701, "max_delta_step": 6.343323318407568, "max_depth": 9.410489288209124, "min_child_weight": 12.206587502612354, "perc_nulo_max": 0.18619234176752888, "reg_alpha": 0.008545325962561856, "reg_lambda": 0.07651374233327723, "scale_pos_weight": 0.18424405770628052, "subsample": 0.34719184818081883, "tnm_class": 0.7866537679801741}, "datetime": {"datetime": "2020-04-20 01:33:22", "elapsed": 2435.624188, "delta": 105.23552}}
{"target": 0.9280298351840053, "params": {"colsample_bylevel": 0.4099002913385028, "colsample_bynode": 0.11130309208383844, "colsample_bytree": 0.6272439552109034, "encoder_a": 4.618353347778472, "encoder_sigma": 0.10438521488659158, "eta": 0.23647304952117967, "gamma": 0.6435551297360944, "max_delta_step": 15.008154899604783, "max_depth": 8.175384485777931, "min_child_weight": 9.477584874760325, "perc_nulo_max": 0.291384674609919, "reg_alpha": 0.8864716877153621, "reg_lambda": 0.35588257468352213, "scale_pos_weight": 0.8553925057052458, "subsample": 0.5301606633508766, "tnm_class": 0.005625724206655747}, "datetime": {"datetime": "2020-04-20 01:55:39", "elapsed": 3772.451454, "delta": 1336.827266}}
{"target": 0.9368756549738112, "params": {"colsample_bylevel": 0.36510927978807367, "colsample_bynode": 0.6167051477990523, "colsample_bytree": 0.7293215188235516, "encoder_a": 2.702735396453231, "encoder_sigma": 0.30484104276058166, "eta": 0.8171552240227035, "gamma": 0.4111854865137449, "max_delta_step": 10.929538349006199, "max_depth": 12.559476703855566, "min_child_weight": 16.70353727664582, "perc_nulo_max": 0.5945776105512467, "reg_alpha": 0.33381297239503493, "reg_lambda": 0.22065693246289664, "scale_pos_weight": 0.19369155819325898, "subsample": 0.4270857618297829, "tnm_class": 0.505974507176316}, "datetime": {"datetime": "2020-04-20 01:56:36", "elapsed": 3829.965617, "delta": 57.514163}}
{"target": 0.9753645740677872, "params": {"colsample_bylevel": 0.5963956975556357, "colsample_bynode": 0.18118280404232706, "colsample_bytree": 0.6002563708300619, "encoder_a": 0.5438054205762592, "encoder_sigma": 0.06740037774096508, "eta": 0.37258152517952364, "gamma": 0.045807784566255984, "max_delta_step": 2.657514514240107, "max_depth": 3.425589408862337, "min_child_weight": 14.424785287373119, "perc_nulo_max": 0.6891079562062105, "reg_alpha": 0.6935412693453676, "reg_lambda": 0.6227407168901118, "scale_pos_weight": 0.6334393004344623, "subsample": 0.6776671388074627, "tnm_class": 0.3747810302261677}, "datetime": {"datetime": "2020-04-20 01:57:28", "elapsed": 3881.956169, "delta": 51.990552}}
{"target": 0.8463053080567626, "params": {"colsample_bylevel": 0.8802139026221036, "colsample_bynode": 0.6818866712121617, "colsample_bytree": 0.6822962286964693, "encoder_a": 1.7392716103666244, "encoder_sigma": 0.8346932250349114, "eta": 0.6709921986603832, "gamma": 0.16999799002382215, "max_delta_step": 14.831267811325901, "max_depth": 5.765084021057906, "min_child_weight": 29.367478120823538, "perc_nulo_max": 0.12186368665971016, "reg_alpha": 0.2853806032628593, "reg_lambda": 0.152626836582345, "scale_pos_weight": 0.5994373820287067, "subsample": 0.883200832908784, "tnm_class": 0.7477711529820307}, "datetime": {"datetime": "2020-04-20 01:59:34", "elapsed": 4007.405729, "delta": 125.44956}}
{"target": 0.8363911617330807, "params": {"colsample_bylevel": 0.39844077787982235, "colsample_bynode": 0.41431393982568737, "colsample_bytree": 0.6294500960123707, "encoder_a": 1.042909885390749, "encoder_sigma": 0.23649164986215387, "eta": 0.35678419989371296, "gamma": 0.9274617329978515, "max_delta_step": 3.446219227492746, "max_depth": 9.316766756056364, "min_child_weight": 10.261605819601979, "perc_nulo_max": 0.18897448603155345, "reg_alpha": 0.5594663152063106, "reg_lambda": 0.14667133324849735, "scale_pos_weight": 0.08046427513967608, "subsample": 0.16472155798021146, "tnm_class": 0.9289150751362498}, "datetime": {"datetime": "2020-04-20 02:01:05", "elapsed": 4097.983403, "delta": 90.577674}}
{"target": 0.9419917763444932, "params": {"colsample_bylevel": 0.13224332146739512, "colsample_bynode": 0.4752654685928741, "colsample_bytree": 0.7473639572328973, "encoder_a": 2.7885752302181395, "encoder_sigma": 0.16424449403193297, "eta": 0.9004392507302127, "gamma": 0.3051394429669873, "max_delta_step": 20.953022152780985, "max_depth": 6.728320249997024, "min_child_weight": 24.85828212705388, "perc_nulo_max": 0.5820697397220714, "reg_alpha": 0.13750509538845457, "reg_lambda": 0.25428394919267006, "scale_pos_weight": 0.4712450480154289, "subsample": 0.8809957130263077, "tnm_class": 0.3174009989071207}, "datetime": {"datetime": "2020-04-20 02:02:02", "elapsed": 4155.698154, "delta": 57.714751}}
{"target": 0.8294908965023948, "params": {"colsample_bylevel": 0.023008053999949474, "colsample_bynode": 0.5842247804823931, "colsample_bytree": 0.6396475959696001, "encoder_a": 1.7706881379733113, "encoder_sigma": 0.33800309575254806, "eta": 0.05803055078396601, "gamma": 0.5953536224386241, "max_delta_step": 4.994926814965833, "max_depth": 3.9696046974921497, "min_child_weight": 11.031577833044087, "perc_nulo_max": 0.2006403733692521, "reg_alpha": 0.7062770617440112, "reg_lambda": 0.7488694458302401, "scale_pos_weight": 0.24603067351819818, "subsample": 0.8619343059023249, "tnm_class": 0.4789304336956376}, "datetime": {"datetime": "2020-04-20 02:03:33", "elapsed": 4246.265033, "delta": 90.566879}}
{"target": 0.8630162585598908, "params": {"colsample_bylevel": 0.4539695120213795, "colsample_bynode": 0.646365768124945, "colsample_bytree": 0.1252432834404883, "encoder_a": 0.15793404331657207, "encoder_sigma": 0.7069266803549094, "eta": 0.348255350362386, "gamma": 0.9652369043372648, "max_delta_step": 19.714406616065585, "max_depth": 5.552209346312175, "min_child_weight": 7.769511476237431, "perc_nulo_max": 0.3505506998420951, "reg_alpha": 0.049704335473137795, "reg_lambda": 0.9580577257787881, "scale_pos_weight": 0.5679252451479736, "subsample": 0.7878485944633866, "tnm_class": 0.4108739892297717}, "datetime": {"datetime": "2020-04-20 02:06:47", "elapsed": 4440.342461, "delta": 194.077428}}
{"target": 0.8992722615022133, "params": {"colsample_bylevel": 0.5613967676721395, "colsample_bynode": 0.6197235871132508, "colsample_bytree": 0.6150404191080853, "encoder_a": 3.6424963005082462, "encoder_sigma": 0.8390119128368013, "eta": 0.42888351007023867, "gamma": 0.7980700220999708, "max_delta_step": 12.993733390693176, "max_depth": 9.852355374692669, "min_child_weight": 1.4615980978304253, "perc_nulo_max": 0.49828731760919964, "reg_alpha": 0.17185072778433585, "reg_lambda": 0.7790490134583057, "scale_pos_weight": 0.32357016406265093, "subsample": 0.2339785406763082, "tnm_class": 0.5630978548089852}, "datetime": {"datetime": "2020-04-20 02:07:55", "elapsed": 4508.165528, "delta": 67.823067}}
