{"target": 0.0, "params": {"colsample_bylevel": 0.9698397218892625, "colsample_bynode": 0.3430884873358568, "colsample_bytree": 0.4962252510319838, "encoder_a": 1.9209718219442766, "encoder_sigma": 0.019147174117620902, "eta": 0.3300135659014895, "gamma": 0.4410994982820317, "max_delta_step": 3.427848430987428, "max_depth": 9.332316306144119, "min_child_weight": 15.107919896069873, "perc_nulo_max": 0.6961793582591457, "reg_alpha": 0.09883193364795795, "reg_lambda": 0.43329280524110725, "scale_pos_weight": 0.3444795532669018, "subsample": 0.4597133850799592, "tnm_class": 0.4893368966860131}, "datetime": {"datetime": "2020-04-20 02:08:04", "elapsed": 4517.162359, "delta": 8.996831}}
{"target": 0.0, "params": {"colsample_bylevel": 0.2174047117503123, "colsample_bynode": 0.34559881029619344, "colsample_bytree": 0.9712160992571558, "encoder_a": 7.614644046790818, "encoder_sigma": 0.8842242698488382, "eta": 0.4982423524472589, "gamma": 0.9072865052220411, "max_delta_step": 13.92790855387791, "max_depth": 5.392052722849217, "min_child_weight": 25.50055426532155, "perc_nulo_max": 0.7934583504425694, "reg_alpha": 0.611190104391656, "reg_lambda": 0.7572070296123352, "scale_pos_weight": 0.06693370536223715, "subsample": 0.8139425517158198, "tnm_class": 0.6121458550422195}, "datetime": {"datetime": "2020-04-20 02:08:13", "elapsed": 4526.043025, "delta": 8.880666}}
{"target": 0.8720299604766177, "params": {"colsample_bylevel": 0.3386390095922492, "colsample_bynode": 0.9845650207687995, "colsample_bytree": 0.4684376934620837, "encoder_a": 7.560187730141455, "encoder_sigma": 0.3967655365771915, "eta": 0.4565750424725777, "gamma": 0.27225957397231326, "max_delta_step": 18.471049185555135, "max_depth": 7.700092991445127, "min_child_weight": 1.9387823114162615, "perc_nulo_max": 0.24086342306530764, "reg_alpha": 0.2578030615108323, "reg_lambda": 0.5383750640674755, "scale_pos_weight": 0.68066014423528, "subsample": 0.44556180918623567, "tnm_class": 0.6833291374890151}, "datetime": {"datetime": "2020-04-20 02:09:46", "elapsed": 4619.278513, "delta": 93.235488}}
{"target": 0.0, "params": {"colsample_bylevel": 0.703774329512245, "colsample_bynode": 0.3058268689073605, "colsample_bytree": 0.6426111466569439, "encoder_a": 3.1153576772884053, "encoder_sigma": 0.29859390323556356, "eta": 0.47461834762529065, "gamma": 0.9514857380458792, "max_delta_step": 1.1851459711014989, "max_depth": 11.428947828306791, "min_child_weight": 20.535484588574455, "perc_nulo_max": 0.7284377173759939, "reg_alpha": 0.2856194117455999, "reg_lambda": 0.8900957941789133, "scale_pos_weight": 0.3114010803736579, "subsample": 0.05364226999519897, "tnm_class": 0.7988396010672522}, "datetime": {"datetime": "2020-04-20 02:09:55", "elapsed": 4628.165544, "delta": 8.887031}}
{"target": 0.0, "params": {"colsample_bylevel": 0.9915215429096415, "colsample_bynode": 0.2766618122246214, "colsample_bytree": 0.6188010276290193, "encoder_a": 4.4377403546575644, "encoder_sigma": 0.7160786621849156, "eta": 0.9730747268501412, "gamma": 0.7916735233549318, "max_delta_step": 29.431921150576777, "max_depth": 11.288988906060172, "min_child_weight": 20.95178990723978, "perc_nulo_max": 0.7951209064610582, "reg_alpha": 0.83831097424281, "reg_lambda": 0.7406790119959374, "scale_pos_weight": 0.7387123144342969, "subsample": 0.3914480532350637, "tnm_class": 0.45654728750889073}, "datetime": {"datetime": "2020-04-20 02:10:04", "elapsed": 4637.054605, "delta": 8.889061}}
{"target": 0.6471110082756624, "params": {"colsample_bylevel": 0.3758311755252449, "colsample_bynode": 0.26146456541917384, "colsample_bytree": 0.05431932257621698, "encoder_a": 0.4182561343287716, "encoder_sigma": 0.5617785432752388, "eta": 0.28923453439513674, "gamma": 0.8771750982305734, "max_delta_step": 4.614730666859618, "max_depth": 6.1528726857568765, "min_child_weight": 7.945817682844139, "perc_nulo_max": 0.16170834892871028, "reg_alpha": 0.584705766139795, "reg_lambda": 0.3097343947614971, "scale_pos_weight": 0.31468245355797064, "subsample": 0.7571728041599523, "tnm_class": 0.4921136307752898}, "datetime": {"datetime": "2020-04-20 02:11:57", "elapsed": 4750.563737, "delta": 113.509132}}
{"target": 0.9282357064193857, "params": {"colsample_bylevel": 0.4394361902628322, "colsample_bynode": 0.4245475430151182, "colsample_bytree": 0.026933221885796596, "encoder_a": 0.1252185671325555, "encoder_sigma": 0.31347776899769775, "eta": 0.11436307815732884, "gamma": 0.42757210257093187, "max_delta_step": 2.3297227386189325, "max_depth": 3.634908034267739, "min_child_weight": 6.361036416940993, "perc_nulo_max": 0.6403791572523481, "reg_alpha": 0.11867621788580018, "reg_lambda": 0.16244633935419994, "scale_pos_weight": 0.9570844531800099, "subsample": 0.09859595208809017, "tnm_class": 0.7198298893242087}, "datetime": {"datetime": "2020-04-20 02:13:03", "elapsed": 4816.262104, "delta": 65.698367}}
{"target": 0.5811985113313811, "params": {"colsample_bylevel": 0.10197621767624543, "colsample_bynode": 0.0513127025213846, "colsample_bytree": 0.3382997446190802, "encoder_a": 1.2501433331577372, "encoder_sigma": 0.590809507013339, "eta": 0.048499972002537875, "gamma": 0.04607690754823006, "max_delta_step": 19.38995296092875, "max_depth": 9.64989708749242, "min_child_weight": 2.5048153091164775, "perc_nulo_max": 0.138209819373498, "reg_alpha": 0.32435196005269573, "reg_lambda": 0.3085137575813558, "scale_pos_weight": 0.06682171187135928, "subsample": 0.8932490175712241, "tnm_class": 0.4566258130540032}, "datetime": {"datetime": "2020-04-20 02:14:44", "elapsed": 4917.84612, "delta": 101.584016}}
{"target": 0.8653025438959329, "params": {"colsample_bylevel": 0.5876669400570221, "colsample_bynode": 0.21344786157368667, "colsample_bytree": 0.44720791174772595, "encoder_a": 5.51944648287983, "encoder_sigma": 0.4402546379544716, "eta": 0.3564821457240133, "gamma": 0.4814794991502832, "max_delta_step": 1.0209957228710231, "max_depth": 3.0274038675870543, "min_child_weight": 27.79639019034231, "perc_nulo_max": 0.1766649589232865, "reg_alpha": 0.9259614496525228, "reg_lambda": 0.33941369173996383, "scale_pos_weight": 0.28762378116682963, "subsample": 0.9530115879782948, "tnm_class": 0.2363455910301191}, "datetime": {"datetime": "2020-04-20 02:17:45", "elapsed": 5098.337109, "delta": 180.490989}}
{"target": 0.930957457246446, "params": {"colsample_bylevel": 0.0044278359557350985, "colsample_bynode": 0.6724084562030742, "colsample_bytree": 0.10250343642471747, "encoder_a": 6.091593625536368, "encoder_sigma": 0.5849923382604924, "eta": 0.333363557344045, "gamma": 0.5604896754265324, "max_delta_step": 5.121309967525582, "max_depth": 9.58519462601786, "min_child_weight": 18.500763232495725, "perc_nulo_max": 0.5590595803537629, "reg_alpha": 0.20850342271556566, "reg_lambda": 0.4154601633817945, "scale_pos_weight": 0.9426074703984415, "subsample": 0.4622567701972241, "tnm_class": 0.8794254589824361}, "datetime": {"datetime": "2020-04-20 02:19:00", "elapsed": 5173.075648, "delta": 74.738539}}
{"target": 0.5, "params": {"colsample_bylevel": 0.04344411971368123, "colsample_bynode": 0.014699312453920942, "colsample_bytree": 0.007306789218562784, "encoder_a": 6.396044868385876, "encoder_sigma": 0.8026614467114945, "eta": 0.47325561897471213, "gamma": 0.21993169762596634, "max_delta_step": 19.863767042182616, "max_depth": 10.933351619247912, "min_child_weight": 27.669828454282523, "perc_nulo_max": 0.32112128537519846, "reg_alpha": 0.8168625778578225, "reg_lambda": 0.1314671832615948, "scale_pos_weight": 0.043919746637289515, "subsample": 0.8982890981377912, "tnm_class": 0.689615300027371}, "datetime": {"datetime": "2020-04-20 02:20:25", "elapsed": 5258.250476, "delta": 85.174828}}
{"target": 0.0, "params": {"colsample_bylevel": 0.9429120217101119, "colsample_bynode": 0.9042349726524307, "colsample_bytree": 0.27472237506167785, "encoder_a": 1.249668444193006, "encoder_sigma": 0.9122614350035685, "eta": 0.42105282841805947, "gamma": 0.414978559561724, "max_delta_step": 23.22814435583693, "max_depth": 9.232187835535903, "min_child_weight": 13.013571454155628, "perc_nulo_max": 0.7065607563826598, "reg_alpha": 0.6328564831739738, "reg_lambda": 0.09233558651654061, "scale_pos_weight": 0.8235595791101074, "subsample": 0.06153303617647197, "tnm_class": 0.16619350743847328}, "datetime": {"datetime": "2020-04-20 02:20:34", "elapsed": 5267.171095, "delta": 8.920619}}
{"target": 0.82916863960552, "params": {"colsample_bylevel": 0.33151312068339295, "colsample_bynode": 0.7342685990142774, "colsample_bytree": 0.08373670417865943, "encoder_a": 7.525229892266074, "encoder_sigma": 0.48534588786955946, "eta": 0.9314427203129738, "gamma": 0.4066147377564639, "max_delta_step": 21.61300351688026, "max_depth": 8.52471478941901, "min_child_weight": 26.554678389372974, "perc_nulo_max": 0.6651272407188873, "reg_alpha": 0.4474411316052619, "reg_lambda": 0.35875990104711075, "scale_pos_weight": 0.11903315904990779, "subsample": 0.31025245657352263, "tnm_class": 0.1627884858760844}, "datetime": {"datetime": "2020-04-20 02:21:31", "elapsed": 5324.909742, "delta": 57.738647}}
{"target": 0.8144742748772551, "params": {"colsample_bylevel": 0.5689296919518404, "colsample_bynode": 0.6566218428788162, "colsample_bytree": 0.27246974273781854, "encoder_a": 7.322592698102997, "encoder_sigma": 0.3492694538158563, "eta": 0.983208015954451, "gamma": 0.7942014862780751, "max_delta_step": 16.863559763948626, "max_depth": 13.216092039323609, "min_child_weight": 16.265891723032396, "perc_nulo_max": 0.1155406373068905, "reg_alpha": 0.3576803580718456, "reg_lambda": 0.016759424749201002, "scale_pos_weight": 0.9292684355414826, "subsample": 0.005506802931574366, "tnm_class": 0.8937378335509202}, "datetime": {"datetime": "2020-04-20 02:23:12", "elapsed": 5425.699928, "delta": 100.790186}}
{"target": 0.8462031602277861, "params": {"colsample_bylevel": 0.24148176601364535, "colsample_bynode": 0.3210561850645678, "colsample_bytree": 0.21322637248301654, "encoder_a": 4.732284417789489, "encoder_sigma": 0.7285652983228436, "eta": 0.44992328327442843, "gamma": 0.18238289260524132, "max_delta_step": 26.59440812401735, "max_depth": 5.557782635036922, "min_child_weight": 6.885960478952861, "perc_nulo_max": 0.16211688663735552, "reg_alpha": 0.5071066538076747, "reg_lambda": 0.7419788367539232, "scale_pos_weight": 0.6392122538068895, "subsample": 0.2787594764676568, "tnm_class": 0.92429254507721}, "datetime": {"datetime": "2020-04-20 02:25:25", "elapsed": 5558.865052, "delta": 133.165124}}
{"target": 0.8987593955164067, "params": {"colsample_bylevel": 0.1765339600997185, "colsample_bynode": 0.059518960237345084, "colsample_bytree": 0.5623271842830965, "encoder_a": 2.6815346235801356, "encoder_sigma": 0.42572209274301676, "eta": 0.43929677050573895, "gamma": 0.505487022555433, "max_delta_step": 25.38089750570507, "max_depth": 10.48352072078119, "min_child_weight": 3.8198644108114768, "perc_nulo_max": 0.5521816113558042, "reg_alpha": 0.3813275680907906, "reg_lambda": 0.7709001786306833, "scale_pos_weight": 0.46271387174768547, "subsample": 0.08599584777434091, "tnm_class": 0.7717042837103231}, "datetime": {"datetime": "2020-04-20 02:26:38", "elapsed": 5631.376025, "delta": 72.510973}}
{"target": 0.0, "params": {"colsample_bylevel": 0.5334434553300418, "colsample_bynode": 0.5770804084076391, "colsample_bytree": 0.46167716949269133, "encoder_a": 7.853257603703164, "encoder_sigma": 0.07025956612163908, "eta": 0.26993791614964346, "gamma": 0.5213598449628131, "max_delta_step": 27.172650821121508, "max_depth": 7.870775133036327, "min_child_weight": 13.143029912306533, "perc_nulo_max": 0.7397551644926135, "reg_alpha": 0.9267701932521591, "reg_lambda": 0.07253078649717581, "scale_pos_weight": 0.618461581300537, "subsample": 0.6748817715813291, "tnm_class": 0.3821348881999198}, "datetime": {"datetime": "2020-04-20 02:26:47", "elapsed": 5640.292867, "delta": 8.916842}}
{"target": 0.9223879658098211, "params": {"colsample_bylevel": 0.610620116708572, "colsample_bynode": 0.5971136935289129, "colsample_bytree": 0.4606548075075788, "encoder_a": 6.754134710854411, "encoder_sigma": 0.9639570947100399, "eta": 0.7949460801312603, "gamma": 0.6191001805341949, "max_delta_step": 23.632093437197515, "max_depth": 13.12943171012614, "min_child_weight": 24.929108636995092, "perc_nulo_max": 0.6609413435777917, "reg_alpha": 0.32560892254033247, "reg_lambda": 0.16713068330077108, "scale_pos_weight": 0.7855545274974084, "subsample": 0.3622835219158796, "tnm_class": 0.26320240030844577}, "datetime": {"datetime": "2020-04-20 02:27:45", "elapsed": 5698.467216, "delta": 58.174349}}
{"target": 0.9323506557605337, "params": {"colsample_bylevel": 0.2089289161919566, "colsample_bynode": 0.46863712243207345, "colsample_bytree": 0.1741934066324187, "encoder_a": 3.6055398749666874, "encoder_sigma": 0.9585366153186056, "eta": 0.17989825795598707, "gamma": 0.47281994401627075, "max_delta_step": 24.325079766514673, "max_depth": 9.970830970633044, "min_child_weight": 12.706845843598078, "perc_nulo_max": 0.6573314396825295, "reg_alpha": 0.6639791894494741, "reg_lambda": 0.10907117225335172, "scale_pos_weight": 0.8746642892146402, "subsample": 0.9801332068925885, "tnm_class": 0.6757935275047466}, "datetime": {"datetime": "2020-04-20 02:30:05", "elapsed": 5838.136016, "delta": 139.6688}}
{"target": 0.9472903896173621, "params": {"colsample_bylevel": 0.7332514123769762, "colsample_bynode": 0.2528224745671346, "colsample_bytree": 0.47273796353039504, "encoder_a": 5.837444678460229, "encoder_sigma": 0.050864041288374406, "eta": 0.8937419634644711, "gamma": 0.07836653252489738, "max_delta_step": 10.955459605961561, "max_depth": 7.1663219564330385, "min_child_weight": 23.939946291198623, "perc_nulo_max": 0.6557926452694257, "reg_alpha": 0.5313928032823784, "reg_lambda": 0.5001936756139498, "scale_pos_weight": 0.6389462940284654, "subsample": 0.5243229072621572, "tnm_class": 0.07122012053573235}, "datetime": {"datetime": "2020-04-20 02:31:02", "elapsed": 5895.799419, "delta": 57.663403}}
{"target": 0.5348895604575389, "params": {"colsample_bylevel": 0.25340460509131746, "colsample_bynode": 0.1744139673304221, "colsample_bytree": 0.0021760011669258194, "encoder_a": 4.384792050269964, "encoder_sigma": 0.20221111804694958, "eta": 0.3747413120452325, "gamma": 0.8471637762259941, "max_delta_step": 19.482509808261373, "max_depth": 5.227302269661067, "min_child_weight": 1.4933463022042197, "perc_nulo_max": 0.5487959196122334, "reg_alpha": 0.45821514388461104, "reg_lambda": 0.618559503770294, "scale_pos_weight": 0.41242854351814123, "subsample": 0.6252690110739935, "tnm_class": 0.857540234225701}, "datetime": {"datetime": "2020-04-20 02:32:08", "elapsed": 5961.182087, "delta": 65.382668}}
{"target": 0.9064648034361378, "params": {"colsample_bylevel": 0.7017215365344452, "colsample_bynode": 0.974530288940171, "colsample_bytree": 0.6313299708899128, "encoder_a": 3.420709381647199, "encoder_sigma": 0.703057622220849, "eta": 0.2419467955991102, "gamma": 0.002940328605620069, "max_delta_step": 0.6431575576678583, "max_depth": 6.7446096203509525, "min_child_weight": 1.0212989230480254, "perc_nulo_max": 0.5300799933419517, "reg_alpha": 0.6018403113902239, "reg_lambda": 0.6292271898529722, "scale_pos_weight": 0.7889022966260999, "subsample": 0.1581576470413031, "tnm_class": 0.4551593538144262}, "datetime": {"datetime": "2020-04-20 02:33:16", "elapsed": 6029.568433, "delta": 68.386346}}
{"target": 0.8663462983534582, "params": {"colsample_bylevel": 0.7005657731457728, "colsample_bynode": 0.5533857881248142, "colsample_bytree": 0.11157186436900868, "encoder_a": 2.6065400253002005, "encoder_sigma": 0.7611502834938351, "eta": 0.48212454193147947, "gamma": 0.7998747427740414, "max_delta_step": 17.28272627698791, "max_depth": 14.088595768229998, "min_child_weight": 9.16847879366287, "perc_nulo_max": 0.20597553432055205, "reg_alpha": 0.06915436579743184, "reg_lambda": 0.44699117553829837, "scale_pos_weight": 0.7211537806192808, "subsample": 0.5600773104677558, "tnm_class": 0.13763162716266653}, "datetime": {"datetime": "2020-04-20 02:39:52", "elapsed": 6425.503003, "delta": 395.93457}}
{"target": 0.7475185390329989, "params": {"colsample_bylevel": 0.001, "colsample_bynode": 1.0, "colsample_bytree": 0.5826497827873032, "encoder_a": 4.6295923835600465, "encoder_sigma": 0.950754485120832, "eta": 0.19768908514567207, "gamma": 0.001, "max_delta_step": 6.555624426849786, "max_depth": 3.0, "min_child_weight": 16.316310800138005, "perc_nulo_max": 0.1, "reg_alpha": 0.9745415185071663, "reg_lambda": 0.0, "scale_pos_weight": 0.6085994127610328, "subsample": 0.001, "tnm_class": 1.0}, "datetime": {"datetime": "2020-04-20 02:41:41", "elapsed": 6534.296727, "delta": 108.793724}}
{"target": 0.8607287301604829, "params": {"colsample_bylevel": 0.1462541189076006, "colsample_bynode": 0.6762476627861681, "colsample_bytree": 0.2578018307109356, "encoder_a": 4.7676345584301485, "encoder_sigma": 0.5503643309819802, "eta": 0.3707463339385529, "gamma": 0.9072517836888011, "max_delta_step": 24.546599335171106, "max_depth": 14.171740909695949, "min_child_weight": 29.017415411896877, "perc_nulo_max": 0.25561572858543474, "reg_alpha": 0.48046444979735325, "reg_lambda": 0.5878037253248458, "scale_pos_weight": 0.3107627434358927, "subsample": 0.3180317255162661, "tnm_class": 0.29416728313647755}, "datetime": {"datetime": "2020-04-20 02:44:00", "elapsed": 6673.222084, "delta": 138.925357}}
{"target": 0.5, "params": {"colsample_bylevel": 0.001, "colsample_bynode": 1.0, "colsample_bytree": 1.0, "encoder_a": 0.7969541409967212, "encoder_sigma": 1.0, "eta": 0.6203442789918104, "gamma": 0.35711877895376415, "max_delta_step": 0.0, "max_depth": 12.277399112984083, "min_child_weight": 10.704711233730718, "perc_nulo_max": 0.1, "reg_alpha": 0.0, "reg_lambda": 0.0, "scale_pos_weight": 0.001, "subsample": 0.001, "tnm_class": 1.0}, "datetime": {"datetime": "2020-04-20 02:45:39", "elapsed": 6772.864714, "delta": 99.64263}}
{"target": 0.9058626756625856, "params": {"colsample_bylevel": 0.6361748580989108, "colsample_bynode": 0.9155815172732655, "colsample_bytree": 0.39749627116342073, "encoder_a": 6.394727805046585, "encoder_sigma": 0.02649991321707068, "eta": 0.8439902009814514, "gamma": 0.6103818344920603, "max_delta_step": 25.273278917250465, "max_depth": 6.140913978190513, "min_child_weight": 28.524489476041772, "perc_nulo_max": 0.4038091989262167, "reg_alpha": 0.503099514334252, "reg_lambda": 0.46511384558386915, "scale_pos_weight": 0.7047341241387203, "subsample": 0.07930612071065372, "tnm_class": 0.7650072157179669}, "datetime": {"datetime": "2020-04-20 02:47:06", "elapsed": 6859.362968, "delta": 86.498254}}
{"target": 0.9397946521549274, "params": {"colsample_bylevel": 0.36621857874212665, "colsample_bynode": 0.6765362837153734, "colsample_bytree": 0.23063570174933798, "encoder_a": 3.1656202490237564, "encoder_sigma": 0.5052905218082613, "eta": 0.11594580828435282, "gamma": 0.26214607368307097, "max_delta_step": 5.016598003938299, "max_depth": 12.52645377684884, "min_child_weight": 13.839374890495476, "perc_nulo_max": 0.571953784034506, "reg_alpha": 0.10622638499060211, "reg_lambda": 0.4644197552442122, "scale_pos_weight": 0.47403995714265795, "subsample": 0.7352212633046447, "tnm_class": 0.6331063341068848}, "datetime": {"datetime": "2020-04-20 02:51:06", "elapsed": 7099.128539, "delta": 239.765571}}
{"target": 0.8808107651907555, "params": {"colsample_bylevel": 0.991051631646162, "colsample_bynode": 0.4708154505223164, "colsample_bytree": 0.3464897289095534, "encoder_a": 0.8715794005080868, "encoder_sigma": 0.2619623828752754, "eta": 0.6265095005114216, "gamma": 0.45929588616116473, "max_delta_step": 27.17647827296681, "max_depth": 8.396363005085098, "min_child_weight": 26.646808321431717, "perc_nulo_max": 0.2693131631623169, "reg_alpha": 0.09861189648838642, "reg_lambda": 0.18185720115678372, "scale_pos_weight": 0.5505487977479907, "subsample": 0.4586524494450294, "tnm_class": 0.23263025528150283}, "datetime": {"datetime": "2020-04-20 02:52:36", "elapsed": 7189.442948, "delta": 90.314409}}
{"target": 0.6493561652055119, "params": {"colsample_bylevel": 0.001, "colsample_bynode": 1.0, "colsample_bytree": 1.0, "encoder_a": 1.311978307910744, "encoder_sigma": 1.0, "eta": 0.001, "gamma": 0.001, "max_delta_step": 0.0, "max_depth": 3.0, "min_child_weight": 14.28432264204316, "perc_nulo_max": 0.1, "reg_alpha": 0.05817346137992885, "reg_lambda": 0.0, "scale_pos_weight": 0.001, "subsample": 0.001, "tnm_class": 1.0}, "datetime": {"datetime": "2020-04-20 02:54:28", "elapsed": 7301.154397, "delta": 111.711449}}
{"target": 0.5048865508647461, "params": {"colsample_bylevel": 0.20447015290436615, "colsample_bynode": 0.010084218535317168, "colsample_bytree": 0.18764760319178003, "encoder_a": 6.786117196248689, "encoder_sigma": 0.7789355313528447, "eta": 0.022509008050374958, "gamma": 0.8072481223309464, "max_delta_step": 17.35495377472953, "max_depth": 3.484783496182755, "min_child_weight": 22.110992931771225, "perc_nulo_max": 0.5385951006685055, "reg_alpha": 0.9795766897557275, "reg_lambda": 0.7314991311758955, "scale_pos_weight": 0.06203981636558861, "subsample": 0.36893436734644974, "tnm_class": 0.7289913668230725}, "datetime": {"datetime": "2020-04-20 02:55:32", "elapsed": 7365.951101, "delta": 64.796704}}
{"target": 0.9269107566864081, "params": {"colsample_bylevel": 0.9201572159507574, "colsample_bynode": 0.43611773172071794, "colsample_bytree": 0.7425951452603754, "encoder_a": 1.536116187094104, "encoder_sigma": 0.1157171497354057, "eta": 0.7253088396673194, "gamma": 0.5630893279158501, "max_delta_step": 22.542630973651733, "max_depth": 12.98652698787084, "min_child_weight": 29.40078176382533, "perc_nulo_max": 0.14384524759814943, "reg_alpha": 0.8628632989666505, "reg_lambda": 0.03320431197834306, "scale_pos_weight": 0.06829856712420775, "subsample": 0.8638159738567771, "tnm_class": 0.3512679683619663}, "datetime": {"datetime": "2020-04-20 03:01:17", "elapsed": 7710.432292, "delta": 344.481191}}
